BB11001, 1j46_A-2lef_A.msf, SP: 0.88   ref_length: 88   comparison_length: 83   similarity: 0.253
BB11001, 1aab_-2lef_A.msf, SP: 0.789   ref_length: 93   comparison_length: 76   similarity: 0.092
BB11001, 1aab_-1j46_A.msf, SP: 0.833   ref_length: 90   comparison_length: 78   similarity: 0.192
BB11001, 1j46_A-1k99_A.msf, SP: 1.0   ref_length: 91   comparison_length: 85   similarity: 0.212
BB11001, 1k99_A-2lef_A.msf, SP: 1.0   ref_length: 94   comparison_length: 83   similarity: 0.181
BB11001, 1aab_-1k99_A.msf, SP: 0.988   ref_length: 93   comparison_length: 81   similarity: 0.222
BB11002, 1abo_A-1ycs_B.msf, SP: 0.93   ref_length: 194   comparison_length: 57   similarity: 0.228
BB11002, 1ue9_A-1ycs_B.msf, SP: 0.81   ref_length: 210   comparison_length: 63   similarity: 0.159
BB11002, 1ihv_A-1ue9_A.msf, SP: 0.288   ref_length: 80   comparison_length: 52   similarity: 0.096
BB11002, 1ihv_A-1pht_.msf, SP: 0.288   ref_length: 83   comparison_length: 52   similarity: 0.154
BB11002, 1hjd_A-1pht_.msf, SP: 0.62   ref_length: 113   comparison_length: 71   similarity: 0.183
BB11002, 1hjd_A-1ue9_A.msf, SP: 0.75   ref_length: 101   comparison_length: 80   similarity: 0.188
BB11002, 1pht_-1ycs_B.msf, SP: 0.871   ref_length: 214   comparison_length: 62   similarity: 0.194
BB11002, 1hjd_A-1ycs_B.msf, SP: 0.919   ref_length: 220   comparison_length: 74   similarity: 0.135
BB11002, 1bb9_-1pht_.msf, SP: 0.909   ref_length: 100   comparison_length: 66   similarity: 0.258
BB11002, 1ov3_A-1pht_.msf, SP: 0.0   ref_length: 159   comparison_length: 58   similarity: 0.224
BB11002, 1bb9_-1ycs_B.msf, SP: 0.914   ref_length: 206   comparison_length: 70   similarity: 0.2
BB11002, 1hjd_A-1ov3_A.msf, SP: 0.0   ref_length: 165   comparison_length: 70   similarity: 0.229
BB11002, 1ov3_A-1ue9_A.msf, SP: 0.0   ref_length: 153   comparison_length: 61   similarity: 0.246
BB11002, 1ihv_A-1ycs_B.msf, SP: 0.275   ref_length: 194   comparison_length: 51   similarity: 0.157
BB11002, 1pht_-1ue9_A.msf, SP: 0.926   ref_length: 95   comparison_length: 68   similarity: 0.221
BB11002, 1bb9_-1hjd_A.msf, SP: 0.91   ref_length: 106   comparison_length: 78   similarity: 0.218
BB11002, 1bb9_-1ihv_A.msf, SP: 0.275   ref_length: 84   comparison_length: 51   similarity: 0.098
BB11002, 1ov3_A-1ycs_B.msf, SP: 0.522   ref_length: 193   comparison_length: 134   similarity: 0.134
BB11002, 1hjd_A-1ihv_A.msf, SP: 0.288   ref_length: 101   comparison_length: 52   similarity: 0.077
BB11002, 1abo_A-1ov3_A.msf, SP: 0.0   ref_length: 137   comparison_length: 55   similarity: 0.218
BB11002, 1abo_A-1pht_.msf, SP: 0.862   ref_length: 83   comparison_length: 58   similarity: 0.19
BB11002, 1abo_A-1bb9_.msf, SP: 0.912   ref_length: 84   comparison_length: 57   similarity: 0.193
BB11002, 1bb9_-1ue9_A.msf, SP: 0.838   ref_length: 95   comparison_length: 68   similarity: 0.191
BB11002, 1ihv_A-1ov3_A.msf, SP: 0.22   ref_length: 136   comparison_length: 50   similarity: 0.08
BB11002, 1abo_A-1hjd_A.msf, SP: 0.931   ref_length: 101   comparison_length: 58   similarity: 0.207
BB11002, 1abo_A-1ihv_A.msf, SP: 0.306   ref_length: 61   comparison_length: 49   similarity: 0.163
BB11002, 1bb9_-1ov3_A.msf, SP: 0.925   ref_length: 150   comparison_length: 67   similarity: 0.269
BB11002, 1abo_A-1ue9_A.msf, SP: 0.807   ref_length: 81   comparison_length: 57   similarity: 0.228
BB11003, 1eyy_A-1o20_A.msf, SP: 0.603   ref_length: 518   comparison_length: 400   similarity: 0.147
BB11003, 1o20_A-1uzb_A.msf, SP: 0.688   ref_length: 542   comparison_length: 388   similarity: 0.17
BB11003, 1ad3_A-1eyy_A.msf, SP: 0.691   ref_length: 517   comparison_length: 433   similarity: 0.159
BB11003, 1eyy_A-1uzb_A.msf, SP: 0.708   ref_length: 568   comparison_length: 452   similarity: 0.204
BB11003, 1ad3_A-1uzb_A.msf, SP: 0.927   ref_length: 537   comparison_length: 425   similarity: 0.226
BB11003, 1ad3_A-1o20_A.msf, SP: 0.591   ref_length: 474   comparison_length: 386   similarity: 0.163
BB11004, 1evk_A-1qe0_A.msf, SP: 0.693   ref_length: 456   comparison_length: 335   similarity: 0.188
BB11004, 1ati_A-1nj8_A.msf, SP: 0.617   ref_length: 525   comparison_length: 368   similarity: 0.19
BB11004, 1nj8_A-1qe0_A.msf, SP: 0.59   ref_length: 539   comparison_length: 307   similarity: 0.186
BB11004, 1ati_A-1evk_A.msf, SP: 0.551   ref_length: 486   comparison_length: 352   similarity: 0.179
BB11004, 1ati_A-1qe0_A.msf, SP: 0.532   ref_length: 517   comparison_length: 310   similarity: 0.145
BB11004, 1evk_A-1nj8_A.msf, SP: 0.696   ref_length: 495   comparison_length: 362   similarity: 0.218
BB11005, 1lc5_A-2dkb_.msf, SP: 0.451   ref_length: 449   comparison_length: 337   similarity: 0.139
BB11005, 1b5o_A-1jg8_A.msf, SP: 0.453   ref_length: 409   comparison_length: 316   similarity: 0.187
BB11005, 1bw0_A-1d2f_A.msf, SP: 0.741   ref_length: 422   comparison_length: 351   similarity: 0.177
BB11005, 1ajs_A-2dkb_.msf, SP: 0.382   ref_length: 484   comparison_length: 359   similarity: 0.092
BB11005, 1b5o_A-1dty_A.msf, SP: 0.548   ref_length: 466   comparison_length: 345   similarity: 0.154
BB11005, 1fg3_A-1jg8_A.msf, SP: 0.561   ref_length: 396   comparison_length: 301   similarity: 0.133
BB11005, 1b8g_A-1h1c_A.msf, SP: 0.631   ref_length: 433   comparison_length: 317   similarity: 0.164
BB11005, 1ajs_A-1b8g_A.msf, SP: 0.432   ref_length: 472   comparison_length: 361   similarity: 0.122
BB11005, 1fg3_A-2dkb_.msf, SP: 0.454   ref_length: 450   comparison_length: 335   similarity: 0.116
BB11005, 1fg3_A-1h1c_A.msf, SP: 0.696   ref_length: 380   comparison_length: 303   similarity: 0.264
BB11005, 1b5o_A-1bw0_A.msf, SP: 0.738   ref_length: 432   comparison_length: 362   similarity: 0.235
BB11005, 1h1c_A-1lc5_A.msf, SP: 0.833   ref_length: 378   comparison_length: 306   similarity: 0.212
BB11005, 1h1c_A-1jg8_A.msf, SP: 0.553   ref_length: 377   comparison_length: 295   similarity: 0.166
BB11005, 1ax4_A-1dty_A.msf, SP: 0.434   ref_length: 523   comparison_length: 371   similarity: 0.135
BB11005, 1b8g_A-1bw0_A.msf, SP: 0.699   ref_length: 457   comparison_length: 376   similarity: 0.176
BB11005, 1b5o_A-2gsa_A.msf, SP: 0.52   ref_length: 463   comparison_length: 346   similarity: 0.182
BB11005, 1b8g_A-1lc5_A.msf, SP: 0.679   ref_length: 427   comparison_length: 349   similarity: 0.158
BB11005, 1ajs_A-1h1c_A.msf, SP: 0.383   ref_length: 430   comparison_length: 311   similarity: 0.158
BB11005, 2dkb_-2gsa_A.msf, SP: 0.709   ref_length: 459   comparison_length: 399   similarity: 0.213
BB11005, 1ohv_A-2dkb_.msf, SP: 0.682   ref_length: 493   comparison_length: 399   similarity: 0.216
BB11005, 1b5o_A-1ohv_A.msf, SP: 0.437   ref_length: 486   comparison_length: 357   similarity: 0.126
BB11005, 1d2f_A-1lc5_A.msf, SP: 0.764   ref_length: 390   comparison_length: 326   similarity: 0.181
BB11005, 1d2f_A-1h1c_A.msf, SP: 0.532   ref_length: 382   comparison_length: 308   similarity: 0.146
BB11005, 1ax4_A-1jg8_A.msf, SP: 0.701   ref_length: 480   comparison_length: 328   similarity: 0.204
BB11005, 1dty_A-1h1c_A.msf, SP: 0.399   ref_length: 437   comparison_length: 321   similarity: 0.115
BB11005, 1ajs_A-1fg3_A.msf, SP: 0.461   ref_length: 430   comparison_length: 336   similarity: 0.149
BB11005, 1d2f_A-2gsa_A.msf, SP: 0.474   ref_length: 461   comparison_length: 327   similarity: 0.128
BB11005, 1dty_A-1ohv_A.msf, SP: 0.705   ref_length: 494   comparison_length: 396   similarity: 0.179
BB11005, 1bw0_A-1lc5_A.msf, SP: 0.753   ref_length: 419   comparison_length: 348   similarity: 0.164
BB11005, 1ax4_A-1fg3_A.msf, SP: 0.497   ref_length: 485   comparison_length: 334   similarity: 0.12
BB11005, 1ajs_A-1ohv_A.msf, SP: 0.293   ref_length: 505   comparison_length: 368   similarity: 0.106
BB11005, 1b5o_A-1b8g_A.msf, SP: 0.735   ref_length: 433   comparison_length: 370   similarity: 0.186
BB11005, 1lc5_A-2gsa_A.msf, SP: 0.567   ref_length: 452   comparison_length: 330   similarity: 0.13
BB11005, 1ajs_A-1dty_A.msf, SP: 0.398   ref_length: 477   comparison_length: 364   similarity: 0.085
BB11005, 1fg3_A-1ohv_A.msf, SP: 0.415   ref_length: 487   comparison_length: 328   similarity: 0.101
BB11005, 1bw0_A-1jg8_A.msf, SP: 0.443   ref_length: 430   comparison_length: 325   similarity: 0.157
BB11005, 1ax4_A-1d2f_A.msf, SP: 0.354   ref_length: 487   comparison_length: 339   similarity: 0.106
BB11005, 1dty_A-2dkb_.msf, SP: 0.763   ref_length: 459   comparison_length: 401   similarity: 0.209
BB11005, 1ax4_A-1b8g_A.msf, SP: 0.416   ref_length: 511   comparison_length: 375   similarity: 0.12
BB11005, 1bw0_A-1h1c_A.msf, SP: 0.695   ref_length: 426   comparison_length: 315   similarity: 0.178
BB11005, 1ajs_A-2gsa_A.msf, SP: 0.348   ref_length: 486   comparison_length: 353   similarity: 0.119
BB11005, 1ajs_A-1jg8_A.msf, SP: 0.391   ref_length: 430   comparison_length: 325   similarity: 0.108
BB11005, 1ax4_A-2gsa_A.msf, SP: 0.489   ref_length: 528   comparison_length: 364   similarity: 0.129
BB11005, 1bw0_A-2gsa_A.msf, SP: 0.405   ref_length: 481   comparison_length: 358   similarity: 0.123
BB11005, 1jg8_A-1lc5_A.msf, SP: 0.561   ref_length: 393   comparison_length: 305   similarity: 0.138
BB11005, 1jg8_A-2gsa_A.msf, SP: 0.674   ref_length: 442   comparison_length: 328   similarity: 0.159
BB11005, 1jg8_A-2dkb_.msf, SP: 0.49   ref_length: 439   comparison_length: 335   similarity: 0.152
BB11005, 1lc5_A-1ohv_A.msf, SP: 0.569   ref_length: 482   comparison_length: 334   similarity: 0.087
BB11005, 1bw0_A-2dkb_.msf, SP: 0.445   ref_length: 477   comparison_length: 366   similarity: 0.109
BB11005, 1b5o_A-1h1c_A.msf, SP: 0.677   ref_length: 401   comparison_length: 310   similarity: 0.206
BB11005, 1ax4_A-2dkb_.msf, SP: 0.586   ref_length: 517   comparison_length: 379   similarity: 0.121
BB11005, 1ax4_A-1h1c_A.msf, SP: 0.357   ref_length: 494   comparison_length: 300   similarity: 0.147
BB11005, 1d2f_A-1ohv_A.msf, SP: 0.395   ref_length: 493   comparison_length: 329   similarity: 0.079
BB11005, 1b8g_A-1fg3_A.msf, SP: 0.588   ref_length: 430   comparison_length: 345   similarity: 0.165
BB11005, 1d2f_A-1fg3_A.msf, SP: 0.471   ref_length: 401   comparison_length: 314   similarity: 0.14
BB11005, 1b5o_A-1d2f_A.msf, SP: 0.697   ref_length: 410   comparison_length: 333   similarity: 0.168
BB11005, 1b5o_A-2dkb_.msf, SP: 0.497   ref_length: 461   comparison_length: 352   similarity: 0.159
BB11005, 1h1c_A-2dkb_.msf, SP: 0.473   ref_length: 441   comparison_length: 319   similarity: 0.119
BB11005, 1ax4_A-1bw0_A.msf, SP: 0.388   ref_length: 503   comparison_length: 374   similarity: 0.104
BB11005, 1b5o_A-1fg3_A.msf, SP: 0.608   ref_length: 404   comparison_length: 332   similarity: 0.223
BB11005, 1b8g_A-2dkb_.msf, SP: 0.409   ref_length: 478   comparison_length: 374   similarity: 0.134
BB11005, 1b8g_A-2gsa_A.msf, SP: 0.386   ref_length: 485   comparison_length: 363   similarity: 0.118
BB11005, 1ajs_A-1d2f_A.msf, SP: 0.449   ref_length: 432   comparison_length: 341   similarity: 0.129
BB11005, 1ax4_A-1ohv_A.msf, SP: 0.363   ref_length: 546   comparison_length: 380   similarity: 0.108
BB11005, 1ajs_A-1lc5_A.msf, SP: 0.5   ref_length: 427   comparison_length: 340   similarity: 0.124
BB11005, 1dty_A-1lc5_A.msf, SP: 0.427   ref_length: 447   comparison_length: 337   similarity: 0.151
BB11005, 1b8g_A-1ohv_A.msf, SP: 0.282   ref_length: 513   comparison_length: 369   similarity: 0.103
BB11005, 1bw0_A-1dty_A.msf, SP: 0.501   ref_length: 482   comparison_length: 359   similarity: 0.128
BB11005, 1dty_A-1fg3_A.msf, SP: 0.435   ref_length: 447   comparison_length: 336   similarity: 0.134
BB11005, 1b8g_A-1jg8_A.msf, SP: 0.422   ref_length: 437   comparison_length: 327   similarity: 0.119
BB11005, 1fg3_A-2gsa_A.msf, SP: 0.514   ref_length: 448   comparison_length: 333   similarity: 0.15
BB11005, 1bw0_A-1ohv_A.msf, SP: 0.336   ref_length: 510   comparison_length: 363   similarity: 0.088
BB11005, 1h1c_A-1ohv_A.msf, SP: 0.381   ref_length: 475   comparison_length: 315   similarity: 0.108
BB11005, 1b5o_A-1lc5_A.msf, SP: 0.804   ref_length: 395   comparison_length: 342   similarity: 0.175
BB11005, 1fg3_A-1lc5_A.msf, SP: 0.683   ref_length: 378   comparison_length: 331   similarity: 0.221
BB11005, 1ohv_A-2gsa_A.msf, SP: 0.649   ref_length: 500   comparison_length: 388   similarity: 0.168
BB11005, 1d2f_A-1dty_A.msf, SP: 0.497   ref_length: 452   comparison_length: 338   similarity: 0.124
BB11005, 1ajs_A-1b5o_A.msf, SP: 0.353   ref_length: 437   comparison_length: 357   similarity: 0.14
BB11005, 1ax4_A-1lc5_A.msf, SP: 0.447   ref_length: 480   comparison_length: 340   similarity: 0.141
BB11005, 1jg8_A-1ohv_A.msf, SP: 0.544   ref_length: 477   comparison_length: 327   similarity: 0.135
BB11005, 1d2f_A-2dkb_.msf, SP: 0.537   ref_length: 451   comparison_length: 341   similarity: 0.106
BB11005, 1dty_A-1jg8_A.msf, SP: 0.536   ref_length: 440   comparison_length: 332   similarity: 0.151
BB11005, 1d2f_A-1jg8_A.msf, SP: 0.469   ref_length: 382   comparison_length: 322   similarity: 0.109
BB11005, 1b8g_A-1d2f_A.msf, SP: 0.642   ref_length: 438   comparison_length: 344   similarity: 0.169
BB11005, 1b8g_A-1dty_A.msf, SP: 0.22   ref_length: 487   comparison_length: 363   similarity: 0.107
BB11005, 1bw0_A-1fg3_A.msf, SP: 0.583   ref_length: 433   comparison_length: 333   similarity: 0.171
BB11005, 1ax4_A-1b5o_A.msf, SP: 0.389   ref_length: 487   comparison_length: 360   similarity: 0.142
BB11005, 1h1c_A-2gsa_A.msf, SP: 0.463   ref_length: 443   comparison_length: 313   similarity: 0.121
BB11005, 1dty_A-2gsa_A.msf, SP: 0.672   ref_length: 466   comparison_length: 390   similarity: 0.218
BB11005, 1ajs_A-1bw0_A.msf, SP: 0.517   ref_length: 447   comparison_length: 377   similarity: 0.146
BB11005, 1ajs_A-1ax4_A.msf, SP: 0.538   ref_length: 507   comparison_length: 370   similarity: 0.132
BB11006, 1al2_ac-1al2_ad.msf, SP: 0.767   ref_length: 288   comparison_length: 215   similarity: 0.121
BB11006, 1al2_ab-1b35_C.msf, SP: 0.309   ref_length: 306   comparison_length: 259   similarity: 0.154
BB11006, 1al2_ad-1bbt_ab.msf, SP: 0.493   ref_length: 240   comparison_length: 205   similarity: 0.127
BB11006, 1al2_ac-1bbt_ab.msf, SP: 0.51   ref_length: 276   comparison_length: 202   similarity: 0.223
BB11006, 1al2_ab-1mec_aa.msf, SP: 0.378   ref_length: 332   comparison_length: 225   similarity: 0.169
BB11006, 1b35_C-1bbt_aa.msf, SP: 0.292   ref_length: 283   comparison_length: 185   similarity: 0.108
BB11006, 1al2_ac-1bbt_ac.msf, SP: 0.353   ref_length: 287   comparison_length: 201   similarity: 0.095
BB11006, 1al2_ab-1al2_ad.msf, SP: 0.29   ref_length: 294   comparison_length: 224   similarity: 0.094
BB11006, 1bbt_aa-1bbt_ab.msf, SP: 0.411   ref_length: 238   comparison_length: 158   similarity: 0.114
BB11006, 1bbt_ac-1mec_aa.msf, SP: 0.33   ref_length: 297   comparison_length: 197   similarity: 0.086
BB11006, 1al2_ab-1bbt_ac.msf, SP: 0.303   ref_length: 295   comparison_length: 208   similarity: 0.106
BB11006, 1b35_C-1mec_aa.msf, SP: 0.494   ref_length: 319   comparison_length: 237   similarity: 0.101
BB11006, 1bbt_aa-1mec_aa.msf, SP: 0.395   ref_length: 275   comparison_length: 185   similarity: 0.178
BB11006, 1al2_ad-1mec_aa.msf, SP: 0.365   ref_length: 317   comparison_length: 192   similarity: 0.099
BB11006, 1al2_ad-1bbt_aa.msf, SP: 0.129   ref_length: 251   comparison_length: 170   similarity: 0.124
BB11006, 1bbt_aa-1bbt_ac.msf, SP: 0.301   ref_length: 240   comparison_length: 166   similarity: 0.133
BB11006, 1al2_ad-1b35_C.msf, SP: 0.597   ref_length: 291   comparison_length: 226   similarity: 0.128
BB11006, 1al2_ac-1b35_C.msf, SP: 0.416   ref_length: 331   comparison_length: 219   similarity: 0.142
BB11006, 1b35_C-1bbt_ab.msf, SP: 0.585   ref_length: 285   comparison_length: 207   similarity: 0.135
BB11006, 1al2_ad-1bbt_ac.msf, SP: 0.617   ref_length: 249   comparison_length: 206   similarity: 0.233
BB11006, 1bbt_ab-1bbt_ac.msf, SP: 0.515   ref_length: 230   comparison_length: 200   similarity: 0.115
BB11006, 1al2_ac-1mec_aa.msf, SP: 0.264   ref_length: 345   comparison_length: 197   similarity: 0.142
BB11006, 1al2_ab-1bbt_aa.msf, SP: 0.459   ref_length: 286   comparison_length: 183   similarity: 0.18
BB11006, 1al2_ab-1bbt_ab.msf, SP: 0.275   ref_length: 289   comparison_length: 204   similarity: 0.142
BB11006, 1al2_ac-1bbt_aa.msf, SP: 0.14   ref_length: 290   comparison_length: 164   similarity: 0.122
BB11006, 1al2_ab-1al2_ac.msf, SP: 0.171   ref_length: 334   comparison_length: 217   similarity: 0.106
BB11006, 1bbt_ab-1mec_aa.msf, SP: 0.231   ref_length: 302   comparison_length: 182   similarity: 0.132
BB11006, 1b35_C-1bbt_ac.msf, SP: 0.677   ref_length: 285   comparison_length: 217   similarity: 0.134
BB11007, 1izo_A-2hpd_A.msf, SP: 0.607   ref_length: 466   comparison_length: 402   similarity: 0.162
BB11007, 1izo_A-1phd_.msf, SP: 0.618   ref_length: 434   comparison_length: 382   similarity: 0.16
BB11007, 1cpt_-1phd_.msf, SP: 0.926   ref_length: 423   comparison_length: 394   similarity: 0.249
BB11007, 1izo_A-1n40_A.msf, SP: 0.622   ref_length: 424   comparison_length: 381   similarity: 0.136
BB11007, 1phd_-2hpd_A.msf, SP: 0.844   ref_length: 465   comparison_length: 397   similarity: 0.164
BB11007, 1cpt_-2hpd_A.msf, SP: 0.815   ref_length: 475   comparison_length: 394   similarity: 0.185
BB11007, 1n40_A-1n97_A.msf, SP: 0.633   ref_length: 411   comparison_length: 368   similarity: 0.171
BB11007, 1e9x_A-2hpd_A.msf, SP: 0.805   ref_length: 471   comparison_length: 435   similarity: 0.191
BB11007, 1oxa_-1phd_.msf, SP: 0.889   ref_length: 428   comparison_length: 380   similarity: 0.226
BB11007, 1cpt_-1n97_A.msf, SP: 0.731   ref_length: 421   comparison_length: 376   similarity: 0.16
BB11007, 1dt6_A-1izo_A.msf, SP: 0.675   ref_length: 457   comparison_length: 403   similarity: 0.149
BB11007, 1e9x_A-1izo_A.msf, SP: 0.624   ref_length: 458   comparison_length: 402   similarity: 0.162
BB11007, 1n97_A-1oxa_.msf, SP: 0.696   ref_length: 420   comparison_length: 368   similarity: 0.193
BB11007, 1cpt_-1dt6_A.msf, SP: 0.762   ref_length: 471   comparison_length: 390   similarity: 0.167
BB11007, 1n40_A-1oxa_.msf, SP: 0.878   ref_length: 411   comparison_length: 386   similarity: 0.244
BB11007, 1n40_A-2hpd_A.msf, SP: 0.742   ref_length: 467   comparison_length: 384   similarity: 0.159
BB11007, 1izo_A-1n97_A.msf, SP: 0.597   ref_length: 419   comparison_length: 377   similarity: 0.156
BB11007, 1dt6_A-1e9x_A.msf, SP: 0.769   ref_length: 460   comparison_length: 438   similarity: 0.153
BB11007, 1cpt_-1izo_A.msf, SP: 0.658   ref_length: 440   comparison_length: 383   similarity: 0.149
BB11007, 1izo_A-1oxa_.msf, SP: 0.666   ref_length: 431   comparison_length: 383   similarity: 0.141
BB11007, 1cpt_-1e9x_A.msf, SP: 0.865   ref_length: 468   comparison_length: 393   similarity: 0.168
BB11007, 1e9x_A-1phd_.msf, SP: 0.822   ref_length: 460   comparison_length: 394   similarity: 0.14
BB11007, 1n97_A-2hpd_A.msf, SP: 0.66   ref_length: 460   comparison_length: 382   similarity: 0.209
BB11007, 1e9x_A-1n40_A.msf, SP: 0.729   ref_length: 459   comparison_length: 384   similarity: 0.135
BB11007, 1dt6_A-1n40_A.msf, SP: 0.735   ref_length: 455   comparison_length: 388   similarity: 0.155
BB11007, 1n97_A-1phd_.msf, SP: 0.753   ref_length: 414   comparison_length: 376   similarity: 0.146
BB11007, 1cpt_-1n40_A.msf, SP: 0.864   ref_length: 425   comparison_length: 381   similarity: 0.228
BB11007, 1dt6_A-2hpd_A.msf, SP: 0.853   ref_length: 471   comparison_length: 435   similarity: 0.182
BB11007, 1e9x_A-1n97_A.msf, SP: 0.668   ref_length: 452   comparison_length: 382   similarity: 0.149
BB11007, 1e9x_A-1oxa_.msf, SP: 0.766   ref_length: 467   comparison_length: 385   similarity: 0.213
BB11007, 1dt6_A-1n97_A.msf, SP: 0.635   ref_length: 450   comparison_length: 384   similarity: 0.195
BB11007, 1cpt_-1oxa_.msf, SP: 0.864   ref_length: 426   comparison_length: 389   similarity: 0.244
BB11007, 1n40_A-1phd_.msf, SP: 0.857   ref_length: 421   comparison_length: 378   similarity: 0.22
BB11007, 1oxa_-2hpd_A.msf, SP: 0.847   ref_length: 475   comparison_length: 385   similarity: 0.145
BB11007, 1dt6_A-1oxa_.msf, SP: 0.747   ref_length: 465   comparison_length: 387   similarity: 0.165
BB11007, 1dt6_A-1phd_.msf, SP: 0.796   ref_length: 462   comparison_length: 392   similarity: 0.179
BB11008, 1bf5_A-2pna_.msf, SP: 0.533   ref_length: 552   comparison_length: 92   similarity: 0.185
BB11008, 1bf5_A-1uur_A.msf, SP: 0.224   ref_length: 546   comparison_length: 450   similarity: 0.096
BB11008, 1mw4_A-2pna_.msf, SP: 0.576   ref_length: 125   comparison_length: 99   similarity: 0.222
BB11008, 1bf5_A-1mw4_A.msf, SP: 0.462   ref_length: 554   comparison_length: 106   similarity: 0.132
BB11008, 1mw4_A-1uur_A.msf, SP: 0.565   ref_length: 468   comparison_length: 108   similarity: 0.194
BB11008, 1uur_A-2pna_.msf, SP: 0.442   ref_length: 465   comparison_length: 95   similarity: 0.179
BB11009, 1krh_A-2pia_.msf, SP: 0.0   ref_length: 571   comparison_length: 87   similarity: 0.172
BB11009, 1i7h_A-2pia_.msf, SP: 0.728   ref_length: 349   comparison_length: 81   similarity: 0.198
BB11009, 1a70_-2pia_.msf, SP: 0.859   ref_length: 333   comparison_length: 85   similarity: 0.2
BB11009, 1a70_-1i7h_A.msf, SP: 0.761   ref_length: 118   comparison_length: 88   similarity: 0.227
BB11009, 1i7h_A-1krh_A.msf, SP: 0.719   ref_length: 350   comparison_length: 96   similarity: 0.229
BB11009, 1a70_-1krh_A.msf, SP: 0.969   ref_length: 338   comparison_length: 96   similarity: 0.219
BB11010, 1ct9_A-1q19_A.msf, SP: 0.301   ref_length: 539   comparison_length: 445   similarity: 0.108
BB11010, 1ecf_A-1q19_A.msf, SP: 0.192   ref_length: 582   comparison_length: 402   similarity: 0.075
BB11010, 1ct9_A-1ecf_A.msf, SP: 0.354   ref_length: 574   comparison_length: 410   similarity: 0.139
BB11010, 1ecf_A-1jgt_A.msf, SP: 0.227   ref_length: 577   comparison_length: 405   similarity: 0.111
BB11010, 1ct9_A-1jgt_A.msf, SP: 0.434   ref_length: 533   comparison_length: 449   similarity: 0.165
BB11010, 1jgt_A-1q19_A.msf, SP: 0.504   ref_length: 526   comparison_length: 456   similarity: 0.14
BB11011, 1agj_A-1hav_A.msf, SP: 0.562   ref_length: 273   comparison_length: 185   similarity: 0.157
BB11011, 1svp_A-2sga_.msf, SP: 0.176   ref_length: 192   comparison_length: 136   similarity: 0.103
BB11011, 1hav_A-1svp_A.msf, SP: 0.162   ref_length: 228   comparison_length: 148   similarity: 0.115
BB11011, 1svp_A-5ptp_.msf, SP: 0.255   ref_length: 234   comparison_length: 145   similarity: 0.145
BB11011, 1hav_A-2sga_.msf, SP: 0.31   ref_length: 226   comparison_length: 158   similarity: 0.12
BB11011, 1agj_A-1svp_A.msf, SP: 0.262   ref_length: 253   comparison_length: 149   similarity: 0.134
BB11011, 2sga_-5ptp_.msf, SP: 0.5   ref_length: 225   comparison_length: 162   similarity: 0.21
BB11011, 1hav_A-5ptp_.msf, SP: 0.309   ref_length: 244   comparison_length: 191   similarity: 0.147
BB11011, 1agj_A-2sga_.msf, SP: 0.597   ref_length: 256   comparison_length: 154   similarity: 0.136
BB11011, 1agj_A-5ptp_.msf, SP: 0.596   ref_length: 268   comparison_length: 193   similarity: 0.192
BB11012, 1a7c_A-1imv_A.msf, SP: 0.912   ref_length: 388   comparison_length: 351   similarity: 0.231
BB11012, 1a7c_A-1mtp_A.msf, SP: 0.915   ref_length: 378   comparison_length: 306   similarity: 0.248
BB11012, 1jmj_A-1mtp_A.msf, SP: 0.898   ref_length: 402   comparison_length: 315   similarity: 0.213
BB11012, 1a7c_A-1jmj_A.msf, SP: 0.895   ref_length: 407   comparison_length: 354   similarity: 0.254
BB11012, 1imv_A-1mtp_A.msf, SP: 0.918   ref_length: 389   comparison_length: 306   similarity: 0.222
BB11012, 1imv_A-1jmj_A.msf, SP: 0.949   ref_length: 401   comparison_length: 371   similarity: 0.237
BB11013, 1idy_-1jhg_A.msf, SP: 0.538   ref_length: 103   comparison_length: 52   similarity: 0.154
BB11013, 1aoy_-1idy_.msf, SP: 0.885   ref_length: 80   comparison_length: 52   similarity: 0.115
BB11013, 1idy_-1tc3_C.msf, SP: 0.68   ref_length: 55   comparison_length: 50   similarity: 0.14
BB11013, 1jhg_A-1tc3_C.msf, SP: 0.34   ref_length: 102   comparison_length: 50   similarity: 0.12
BB11013, 1aoy_-1tc3_C.msf, SP: 0.529   ref_length: 78   comparison_length: 51   similarity: 0.118
BB11013, 1hst_A-1tc3_C.msf, SP: 0.098   ref_length: 74   comparison_length: 51   similarity: 0.059
BB11013, 1hst_A-1jhg_A.msf, SP: 0.175   ref_length: 112   comparison_length: 63   similarity: 0.111
BB11013, 1aoy_-1jhg_A.msf, SP: 0.312   ref_length: 115   comparison_length: 64   similarity: 0.172
BB11013, 1aoy_-1hst_A.msf, SP: 0.392   ref_length: 78   comparison_length: 74   similarity: 0.108
BB11013, 1hst_A-1idy_.msf, SP: 0.529   ref_length: 77   comparison_length: 51   similarity: 0.118
BB11014, 1pg3_A-1ult_A.msf, SP: 0.749   ref_length: 646   comparison_length: 521   similarity: 0.205
BB11014, 1amu_A-1lci_.msf, SP: 0.792   ref_length: 552   comparison_length: 480   similarity: 0.19
BB11014, 1amu_A-1ult_A.msf, SP: 0.798   ref_length: 556   comparison_length: 486   similarity: 0.193
BB11014, 1md9_A-1t5d_X.msf, SP: 0.887   ref_length: 558   comparison_length: 480   similarity: 0.256
BB11014, 1lci_-1ult_A.msf, SP: 0.764   ref_length: 561   comparison_length: 495   similarity: 0.22
BB11014, 1amu_A-1t5d_X.msf, SP: 0.842   ref_length: 544   comparison_length: 467   similarity: 0.18
BB11014, 1lci_-1pg3_A.msf, SP: 0.68   ref_length: 650   comparison_length: 507   similarity: 0.179
BB11014, 1md9_A-1ult_A.msf, SP: 0.8   ref_length: 560   comparison_length: 509   similarity: 0.269
BB11014, 1amu_A-1pg3_A.msf, SP: 0.758   ref_length: 642   comparison_length: 501   similarity: 0.202
BB11014, 1t5d_X-1ult_A.msf, SP: 0.86   ref_length: 549   comparison_length: 486   similarity: 0.249
BB11014, 1amu_A-1md9_A.msf, SP: 0.826   ref_length: 551   comparison_length: 494   similarity: 0.215
BB11014, 1lci_-1t5d_X.msf, SP: 0.808   ref_length: 545   comparison_length: 480   similarity: 0.215
BB11014, 1pg3_A-1t5d_X.msf, SP: 0.801   ref_length: 644   comparison_length: 492   similarity: 0.23
BB11014, 1md9_A-1pg3_A.msf, SP: 0.749   ref_length: 641   comparison_length: 529   similarity: 0.202
BB11014, 1lci_-1md9_A.msf, SP: 0.73   ref_length: 566   comparison_length: 493   similarity: 0.219
BB11015, 1b8p_A-1hyh_A.msf, SP: 0.84   ref_length: 330   comparison_length: 294   similarity: 0.119
BB11015, 1emd_-1hyh_A.msf, SP: 0.739   ref_length: 322   comparison_length: 287   similarity: 0.202
BB11015, 1b8p_A-1ldg_.msf, SP: 0.875   ref_length: 328   comparison_length: 297   similarity: 0.158
BB11015, 1b8p_A-1emd_.msf, SP: 0.744   ref_length: 338   comparison_length: 301   similarity: 0.223
BB11015, 1emd_-1ldg_.msf, SP: 0.842   ref_length: 326   comparison_length: 284   similarity: 0.257
BB11015, 1hyh_A-1ldg_.msf, SP: 0.881   ref_length: 309   comparison_length: 286   similarity: 0.231
BB11016, 1fcd_A-1nhp_.msf, SP: 0.522   ref_length: 482   comparison_length: 366   similarity: 0.164
BB11016, 1cl0_A-1fcd_A.msf, SP: 0.538   ref_length: 429   comparison_length: 288   similarity: 0.142
BB11016, 1gv4_A-1nhp_.msf, SP: 0.671   ref_length: 536   comparison_length: 401   similarity: 0.165
BB11016, 1d7y_A-1gv4_A.msf, SP: 0.784   ref_length: 506   comparison_length: 385   similarity: 0.229
BB11016, 1gv4_A-1lvl_.msf, SP: 0.486   ref_length: 541   comparison_length: 407   similarity: 0.174
BB11016, 1cl0_A-1d7y_A.msf, SP: 0.576   ref_length: 434   comparison_length: 283   similarity: 0.173
BB11016, 1djn_A-1gv4_A.msf, SP: 0.665   ref_length: 906   comparison_length: 313   similarity: 0.157
BB11016, 1d7y_A-1fcd_A.msf, SP: 0.454   ref_length: 445   comparison_length: 357   similarity: 0.151
BB11016, 1fcd_A-1mo9_A.msf, SP: 0.438   ref_length: 567   comparison_length: 356   similarity: 0.154
BB11016, 1djn_A-1lvl_.msf, SP: 0.783   ref_length: 888   comparison_length: 299   similarity: 0.181
BB11016, 1lvl_-1nhp_.msf, SP: 0.703   ref_length: 498   comparison_length: 407   similarity: 0.211
BB11016, 1cl0_A-1gv4_A.msf, SP: 0.612   ref_length: 507   comparison_length: 299   similarity: 0.174
BB11016, 1d7y_A-1lvl_.msf, SP: 0.602   ref_length: 490   comparison_length: 369   similarity: 0.211
BB11016, 1mo9_A-1nhp_.msf, SP: 0.72   ref_length: 555   comparison_length: 414   similarity: 0.21
BB11016, 1cl0_A-1mo9_A.msf, SP: 0.634   ref_length: 540   comparison_length: 298   similarity: 0.195
BB11016, 1gv4_A-1mo9_A.msf, SP: 0.529   ref_length: 579   comparison_length: 433   similarity: 0.171
BB11016, 1djn_A-1nhp_.msf, SP: 0.565   ref_length: 882   comparison_length: 294   similarity: 0.17
BB11016, 1fcd_A-1lvl_.msf, SP: 0.49   ref_length: 508   comparison_length: 351   similarity: 0.171
BB11016, 1fcd_A-1gv4_A.msf, SP: 0.469   ref_length: 516   comparison_length: 375   similarity: 0.155
BB11016, 1cl0_A-1lvl_.msf, SP: 0.707   ref_length: 484   comparison_length: 290   similarity: 0.207
BB11016, 1djn_A-1mo9_A.msf, SP: 0.62   ref_length: 909   comparison_length: 342   similarity: 0.158
BB11016, 1d7y_A-1nhp_.msf, SP: 0.738   ref_length: 463   comparison_length: 385   similarity: 0.203
BB11016, 1cl0_A-1djn_A.msf, SP: 0.723   ref_length: 763   comparison_length: 282   similarity: 0.181
BB11016, 1lvl_-1mo9_A.msf, SP: 0.785   ref_length: 528   comparison_length: 452   similarity: 0.219
BB11016, 1djn_A-1fcd_A.msf, SP: 0.567   ref_length: 830   comparison_length: 300   similarity: 0.147
BB11016, 1d7y_A-1djn_A.msf, SP: 0.592   ref_length: 836   comparison_length: 294   similarity: 0.17
BB11016, 1cl0_A-1nhp_.msf, SP: 0.657   ref_length: 474   comparison_length: 289   similarity: 0.232
BB11016, 1d7y_A-1mo9_A.msf, SP: 0.629   ref_length: 548   comparison_length: 375   similarity: 0.197
BB11017, 1dm0_A-1lln_A.msf, SP: 0.652   ref_length: 301   comparison_length: 210   similarity: 0.214
BB11017, 1dm0_A-1qi7_A.msf, SP: 0.272   ref_length: 293   comparison_length: 224   similarity: 0.21
BB11017, 1mrj_-1qi7_A.msf, SP: 0.701   ref_length: 266   comparison_length: 234   similarity: 0.205
BB11017, 1lln_A-1mrj_.msf, SP: 0.727   ref_length: 267   comparison_length: 227   similarity: 0.22
BB11017, 1lln_A-1qi7_A.msf, SP: 0.615   ref_length: 274   comparison_length: 226   similarity: 0.274
BB11017, 1dm0_A-1mrj_.msf, SP: 0.665   ref_length: 290   comparison_length: 221   similarity: 0.176
BB11018, 1g5a_A-1vjs_.msf, SP: 0.467   ref_length: 684   comparison_length: 413   similarity: 0.169
BB11018, 1pam_A-1smd_.msf, SP: 0.588   ref_length: 760   comparison_length: 422   similarity: 0.185
BB11018, 1bag_-1lwh_A.msf, SP: 0.627   ref_length: 512   comparison_length: 354   similarity: 0.218
BB11018, 1h3g_A-1jdc_.msf, SP: 0.661   ref_length: 640   comparison_length: 375   similarity: 0.171
BB11018, 1bvz_A-2aaa_.msf, SP: 0.717   ref_length: 641   comparison_length: 420   similarity: 0.19
BB11018, 1bag_-1jdc_.msf, SP: 0.646   ref_length: 493   comparison_length: 350   similarity: 0.174
BB11018, 1m53_A-1smd_.msf, SP: 0.466   ref_length: 621   comparison_length: 431   similarity: 0.151
BB11018, 1bag_-1bf2_.msf, SP: 0.6   ref_length: 767   comparison_length: 408   similarity: 0.176
BB11018, 1bvz_A-1jdc_.msf, SP: 0.63   ref_length: 633   comparison_length: 370   similarity: 0.159
BB11018, 1g5a_A-1pam_A.msf, SP: 0.685   ref_length: 901   comparison_length: 413   similarity: 0.206
BB11018, 1lwh_A-1m53_A.msf, SP: 0.785   ref_length: 560   comparison_length: 437   similarity: 0.247
BB11018, 1eh9_A-1g5a_A.msf, SP: 0.678   ref_length: 698   comparison_length: 487   similarity: 0.14
BB11018, 1bag_-1smd_.msf, SP: 0.652   ref_length: 516   comparison_length: 405   similarity: 0.18
BB11018, 1h3g_A-2aaa_.msf, SP: 0.69   ref_length: 638   comparison_length: 435   similarity: 0.209
BB11018, 1g5a_A-1m53_A.msf, SP: 0.672   ref_length: 718   comparison_length: 466   similarity: 0.202
BB11018, 1bf2_-1m7x_A.msf, SP: 0.378   ref_length: 787   comparison_length: 550   similarity: 0.145
BB11018, 1h3g_A-1vjs_.msf, SP: 0.594   ref_length: 655   comparison_length: 411   similarity: 0.156
BB11018, 1g5a_A-1m7x_A.msf, SP: 0.601   ref_length: 726   comparison_length: 489   similarity: 0.16
BB11018, 1bf2_-1h3g_A.msf, SP: 0.541   ref_length: 828   comparison_length: 519   similarity: 0.17
BB11018, 1bf2_-1g5a_A.msf, SP: 0.656   ref_length: 829   comparison_length: 549   similarity: 0.131
BB11018, 1smd_-1vjs_.msf, SP: 0.593   ref_length: 550   comparison_length: 415   similarity: 0.142
BB11018, 1eh9_A-1h3g_A.msf, SP: 0.533   ref_length: 655   comparison_length: 499   similarity: 0.138
BB11018, 1lwh_A-2aaa_.msf, SP: 0.668   ref_length: 549   comparison_length: 368   similarity: 0.182
BB11018, 1bvz_A-1eh9_A.msf, SP: 0.58   ref_length: 673   comparison_length: 469   similarity: 0.166
BB11018, 1bf2_-1m53_A.msf, SP: 0.57   ref_length: 852   comparison_length: 454   similarity: 0.165
BB11018, 1bvz_A-1lwh_A.msf, SP: 0.717   ref_length: 659   comparison_length: 367   similarity: 0.215
BB11018, 1bvz_A-1vjs_.msf, SP: 0.557   ref_length: 659   comparison_length: 395   similarity: 0.172
BB11018, 1bag_-1bvz_A.msf, SP: 0.593   ref_length: 627   comparison_length: 383   similarity: 0.191
BB11018, 1bag_-1m53_A.msf, SP: 0.651   ref_length: 586   comparison_length: 395   similarity: 0.152
BB11018, 1bag_-1h3g_A.msf, SP: 0.579   ref_length: 632   comparison_length: 390   similarity: 0.149
BB11018, 1h3g_A-1lwh_A.msf, SP: 0.646   ref_length: 637   comparison_length: 401   similarity: 0.18
BB11018, 1h3g_A-1m53_A.msf, SP: 0.774   ref_length: 706   comparison_length: 447   similarity: 0.215
BB11018, 1g5a_A-1jdc_.msf, SP: 0.523   ref_length: 677   comparison_length: 369   similarity: 0.127
BB11018, 1m7x_A-1vjs_.msf, SP: 0.525   ref_length: 673   comparison_length: 383   similarity: 0.12
BB11018, 1bag_-1g5a_A.msf, SP: 0.52   ref_length: 659   comparison_length: 394   similarity: 0.185
BB11018, 1eh9_A-1m53_A.msf, SP: 0.642   ref_length: 694   comparison_length: 419   similarity: 0.174
BB11018, 1lwh_A-1pam_A.msf, SP: 0.741   ref_length: 752   comparison_length: 375   similarity: 0.227
BB11018, 1g5a_A-1smd_.msf, SP: 0.548   ref_length: 699   comparison_length: 425   similarity: 0.136
BB11018, 1m7x_A-1smd_.msf, SP: 0.479   ref_length: 663   comparison_length: 420   similarity: 0.14
BB11018, 1bf2_-1smd_.msf, SP: 0.409   ref_length: 801   comparison_length: 445   similarity: 0.146
BB11018, 1jdc_-2aaa_.msf, SP: 0.58   ref_length: 525   comparison_length: 369   similarity: 0.201
BB11018, 1lwh_A-1smd_.msf, SP: 0.527   ref_length: 565   comparison_length: 372   similarity: 0.153
BB11018, 1bvz_A-1g5a_A.msf, SP: 0.555   ref_length: 725   comparison_length: 488   similarity: 0.174
BB11018, 1jdc_-1vjs_.msf, SP: 0.56   ref_length: 528   comparison_length: 359   similarity: 0.223
BB11018, 1bag_-2aaa_.msf, SP: 0.642   ref_length: 516   comparison_length: 385   similarity: 0.184
BB11018, 1eh9_A-1smd_.msf, SP: 0.437   ref_length: 666   comparison_length: 387   similarity: 0.15
BB11018, 1jdc_-1pam_A.msf, SP: 0.71   ref_length: 728   comparison_length: 376   similarity: 0.189
BB11018, 1jdc_-1lwh_A.msf, SP: 0.624   ref_length: 524   comparison_length: 335   similarity: 0.176
BB11018, 1bag_-1m7x_A.msf, SP: 0.528   ref_length: 631   comparison_length: 381   similarity: 0.165
BB11018, 1jdc_-1smd_.msf, SP: 0.622   ref_length: 544   comparison_length: 370   similarity: 0.178
BB11018, 1lwh_A-1m7x_A.msf, SP: 0.627   ref_length: 671   comparison_length: 357   similarity: 0.162
BB11018, 1h3g_A-1pam_A.msf, SP: 0.777   ref_length: 843   comparison_length: 440   similarity: 0.245
BB11018, 1smd_-2aaa_.msf, SP: 0.574   ref_length: 559   comparison_length: 413   similarity: 0.177
BB11018, 1eh9_A-1vjs_.msf, SP: 0.562   ref_length: 656   comparison_length: 370   similarity: 0.178
BB11018, 1eh9_A-1jdc_.msf, SP: 0.539   ref_length: 619   comparison_length: 356   similarity: 0.143
BB11018, 1bvz_A-1pam_A.msf, SP: 0.746   ref_length: 842   comparison_length: 429   similarity: 0.233
BB11018, 1bf2_-2aaa_.msf, SP: 0.573   ref_length: 800   comparison_length: 426   similarity: 0.185
BB11018, 1m7x_A-1pam_A.msf, SP: 0.578   ref_length: 868   comparison_length: 405   similarity: 0.165
BB11018, 1bf2_-1vjs_.msf, SP: 0.457   ref_length: 810   comparison_length: 409   similarity: 0.156
BB11018, 1eh9_A-1lwh_A.msf, SP: 0.608   ref_length: 615   comparison_length: 383   similarity: 0.185
BB11018, 1h3g_A-1m7x_A.msf, SP: 0.487   ref_length: 685   comparison_length: 499   similarity: 0.158
BB11018, 1bag_-1eh9_A.msf, SP: 0.501   ref_length: 609   comparison_length: 373   similarity: 0.158
BB11018, 1eh9_A-1m7x_A.msf, SP: 0.392   ref_length: 670   comparison_length: 474   similarity: 0.171
BB11018, 1m53_A-1vjs_.msf, SP: 0.459   ref_length: 607   comparison_length: 418   similarity: 0.141
BB11018, 1m53_A-2aaa_.msf, SP: 0.672   ref_length: 620   comparison_length: 412   similarity: 0.187
BB11018, 1bf2_-1jdc_.msf, SP: 0.527   ref_length: 775   comparison_length: 393   similarity: 0.173
BB11018, 1bf2_-1lwh_A.msf, SP: 0.637   ref_length: 814   comparison_length: 377   similarity: 0.21
BB11018, 1m53_A-1m7x_A.msf, SP: 0.544   ref_length: 737   comparison_length: 406   similarity: 0.143
BB11018, 1pam_A-2aaa_.msf, SP: 0.681   ref_length: 720   comparison_length: 442   similarity: 0.231
BB11018, 1bvz_A-1m7x_A.msf, SP: 0.434   ref_length: 653   comparison_length: 519   similarity: 0.17
BB11018, 1bag_-1pam_A.msf, SP: 0.632   ref_length: 706   comparison_length: 405   similarity: 0.205
BB11018, 1jdc_-1m53_A.msf, SP: 0.634   ref_length: 613   comparison_length: 361   similarity: 0.141
BB11018, 1eh9_A-2aaa_.msf, SP: 0.628   ref_length: 646   comparison_length: 387   similarity: 0.207
BB11018, 1m7x_A-2aaa_.msf, SP: 0.531   ref_length: 666   comparison_length: 397   similarity: 0.149
BB11018, 1lwh_A-1vjs_.msf, SP: 0.556   ref_length: 527   comparison_length: 383   similarity: 0.196
BB11018, 1bf2_-1bvz_A.msf, SP: 0.457   ref_length: 795   comparison_length: 540   similarity: 0.167
BB11018, 1pam_A-1vjs_.msf, SP: 0.596   ref_length: 739   comparison_length: 416   similarity: 0.202
BB11018, 1jdc_-1m7x_A.msf, SP: 0.487   ref_length: 652   comparison_length: 353   similarity: 0.136
BB11018, 1vjs_-2aaa_.msf, SP: 0.611   ref_length: 544   comparison_length: 401   similarity: 0.18
BB11018, 1bf2_-1eh9_A.msf, SP: 0.502   ref_length: 817   comparison_length: 490   similarity: 0.167
BB11018, 1bag_-1vjs_.msf, SP: 0.621   ref_length: 511   comparison_length: 383   similarity: 0.175
BB11018, 1m53_A-1pam_A.msf, SP: 0.68   ref_length: 823   comparison_length: 419   similarity: 0.243
BB11018, 1bvz_A-1h3g_A.msf, SP: 0.643   ref_length: 644   comparison_length: 538   similarity: 0.223
BB11018, 1bf2_-1pam_A.msf, SP: 0.614   ref_length: 993   comparison_length: 443   similarity: 0.194
BB11018, 1eh9_A-1pam_A.msf, SP: 0.664   ref_length: 850   comparison_length: 393   similarity: 0.186
BB11018, 1g5a_A-1lwh_A.msf, SP: 0.663   ref_length: 665   comparison_length: 404   similarity: 0.245
BB11018, 1h3g_A-1smd_.msf, SP: 0.541   ref_length: 670   comparison_length: 423   similarity: 0.147
BB11018, 1bvz_A-1smd_.msf, SP: 0.585   ref_length: 669   comparison_length: 412   similarity: 0.136
BB11018, 1g5a_A-1h3g_A.msf, SP: 0.569   ref_length: 707   comparison_length: 518   similarity: 0.156
BB11018, 1g5a_A-2aaa_.msf, SP: 0.589   ref_length: 703   comparison_length: 401   similarity: 0.17
BB11018, 1bvz_A-1m53_A.msf, SP: 0.723   ref_length: 729   comparison_length: 412   similarity: 0.252
BB11019, 1gu7_A-2ohx_A.msf, SP: 0.695   ref_length: 423   comparison_length: 315   similarity: 0.165
BB11019, 1iyz_A-1kol_A.msf, SP: 0.628   ref_length: 407   comparison_length: 288   similarity: 0.219
BB11019, 1qor_A-1vj1_A.msf, SP: 0.696   ref_length: 367   comparison_length: 299   similarity: 0.171
BB11019, 1kol_A-1ped_A.msf, SP: 0.89   ref_length: 402   comparison_length: 345   similarity: 0.241
BB11019, 1ped_A-2ohx_A.msf, SP: 0.883   ref_length: 384   comparison_length: 341   similarity: 0.258
BB11019, 1gu7_A-1vj0_A.msf, SP: 0.768   ref_length: 415   comparison_length: 315   similarity: 0.213
BB11019, 1o89_A-2ohx_A.msf, SP: 0.702   ref_length: 385   comparison_length: 309   similarity: 0.129
BB11019, 1iyz_A-1ped_A.msf, SP: 0.728   ref_length: 360   comparison_length: 290   similarity: 0.221
BB11019, 1e3j_A-1iyz_A.msf, SP: 0.813   ref_length: 358   comparison_length: 289   similarity: 0.242
BB11019, 1e3j_A-1vj0_A.msf, SP: 0.874   ref_length: 374   comparison_length: 340   similarity: 0.244
BB11019, 1vj0_A-1vj1_A.msf, SP: 0.627   ref_length: 403   comparison_length: 303   similarity: 0.152
BB11019, 1gu7_A-1kol_A.msf, SP: 0.66   ref_length: 445   comparison_length: 315   similarity: 0.181
BB11019, 1e3j_A-1o89_A.msf, SP: 0.779   ref_length: 360   comparison_length: 308   similarity: 0.166
BB11019, 1o89_A-1qor_A.msf, SP: 0.751   ref_length: 337   comparison_length: 309   similarity: 0.149
BB11019, 1ped_A-1vj1_A.msf, SP: 0.574   ref_length: 393   comparison_length: 298   similarity: 0.138
BB11019, 1e3j_A-1qor_A.msf, SP: 0.761   ref_length: 369   comparison_length: 305   similarity: 0.213
BB11019, 1gu7_A-1o89_A.msf, SP: 0.657   ref_length: 378   comparison_length: 306   similarity: 0.176
BB11019, 1e3j_A-1ped_A.msf, SP: 0.88   ref_length: 366   comparison_length: 333   similarity: 0.237
BB11019, 1e3j_A-2ohx_A.msf, SP: 0.798   ref_length: 386   comparison_length: 336   similarity: 0.226
BB11019, 1kol_A-1o89_A.msf, SP: 0.57   ref_length: 409   comparison_length: 307   similarity: 0.176
BB11019, 1gu7_A-1vj1_A.msf, SP: 0.497   ref_length: 390   comparison_length: 314   similarity: 0.172
BB11019, 1gu7_A-1qor_A.msf, SP: 0.708   ref_length: 375   comparison_length: 315   similarity: 0.213
BB11019, 1ped_A-1qor_A.msf, SP: 0.739   ref_length: 367   comparison_length: 310   similarity: 0.2
BB11019, 1gu7_A-1ped_A.msf, SP: 0.606   ref_length: 405   comparison_length: 310   similarity: 0.171
BB11019, 1o89_A-1ped_A.msf, SP: 0.706   ref_length: 362   comparison_length: 309   similarity: 0.149
BB11019, 1iyz_A-2ohx_A.msf, SP: 0.766   ref_length: 383   comparison_length: 290   similarity: 0.193
BB11019, 1ped_A-1vj0_A.msf, SP: 0.907   ref_length: 374   comparison_length: 343   similarity: 0.227
BB11019, 1gu7_A-1iyz_A.msf, SP: 0.693   ref_length: 370   comparison_length: 293   similarity: 0.205
BB11019, 1e3j_A-1kol_A.msf, SP: 0.762   ref_length: 408   comparison_length: 336   similarity: 0.25
BB11019, 1vj1_A-2ohx_A.msf, SP: 0.625   ref_length: 413   comparison_length: 301   similarity: 0.179
BB11019, 1iyz_A-1qor_A.msf, SP: 0.82   ref_length: 330   comparison_length: 295   similarity: 0.254
BB11019, 1kol_A-1vj0_A.msf, SP: 0.786   ref_length: 411   comparison_length: 351   similarity: 0.202
BB11019, 1e3j_A-1vj1_A.msf, SP: 0.617   ref_length: 388   comparison_length: 300   similarity: 0.147
BB11019, 1o89_A-1vj1_A.msf, SP: 0.637   ref_length: 360   comparison_length: 300   similarity: 0.18
BB11019, 1qor_A-1vj0_A.msf, SP: 0.792   ref_length: 380   comparison_length: 312   similarity: 0.231
BB11019, 1kol_A-2ohx_A.msf, SP: 0.763   ref_length: 424   comparison_length: 346   similarity: 0.22
BB11019, 1iyz_A-1vj0_A.msf, SP: 0.803   ref_length: 375   comparison_length: 290   similarity: 0.231
BB11019, 1iyz_A-1o89_A.msf, SP: 0.942   ref_length: 326   comparison_length: 293   similarity: 0.235
BB11019, 1kol_A-1qor_A.msf, SP: 0.542   ref_length: 414   comparison_length: 308   similarity: 0.166
BB11019, 1vj0_A-2ohx_A.msf, SP: 0.929   ref_length: 386   comparison_length: 354   similarity: 0.237
BB11019, 1o89_A-1vj0_A.msf, SP: 0.758   ref_length: 376   comparison_length: 310   similarity: 0.155
BB11019, 1e3j_A-1gu7_A.msf, SP: 0.777   ref_length: 402   comparison_length: 310   similarity: 0.168
BB11019, 1iyz_A-1vj1_A.msf, SP: 0.613   ref_length: 355   comparison_length: 284   similarity: 0.173
BB11019, 1kol_A-1vj1_A.msf, SP: 0.534   ref_length: 427   comparison_length: 309   similarity: 0.155
BB11019, 1qor_A-2ohx_A.msf, SP: 0.831   ref_length: 387   comparison_length: 313   similarity: 0.227
BB11020, 1a0f_A-1b4p_A.msf, SP: 0.747   ref_length: 224   comparison_length: 194   similarity: 0.191
BB11020, 1gwc_A-1jlv_A.msf, SP: 0.675   ref_length: 228   comparison_length: 200   similarity: 0.235
BB11020, 1a0f_A-1nhy_A.msf, SP: 0.785   ref_length: 225   comparison_length: 195   similarity: 0.138
BB11020, 1eem_A-2gsq_.msf, SP: 0.792   ref_length: 242   comparison_length: 197   similarity: 0.183
BB11020, 1b4p_A-1g6w_A.msf, SP: 0.766   ref_length: 259   comparison_length: 192   similarity: 0.125
BB11020, 1g6w_A-1k0m_A.msf, SP: 0.776   ref_length: 268   comparison_length: 201   similarity: 0.169
BB11020, 1b4p_A-1jlv_A.msf, SP: 0.693   ref_length: 225   comparison_length: 199   similarity: 0.136
BB11020, 1eem_A-1jlv_A.msf, SP: 0.736   ref_length: 247   comparison_length: 197   similarity: 0.168
BB11020, 1k0m_A-1nhy_A.msf, SP: 0.5   ref_length: 254   comparison_length: 200   similarity: 0.11
BB11020, 1gwc_A-1nhy_A.msf, SP: 0.556   ref_length: 233   comparison_length: 207   similarity: 0.145
BB11020, 1eem_A-1gwc_A.msf, SP: 0.876   ref_length: 249   comparison_length: 209   similarity: 0.249
BB11020, 1b4p_A-1k0m_A.msf, SP: 0.61   ref_length: 257   comparison_length: 195   similarity: 0.133
BB11020, 1g6w_A-2gsq_.msf, SP: 0.79   ref_length: 241   comparison_length: 195   similarity: 0.164
BB11020, 1a0f_A-1k0m_A.msf, SP: 0.697   ref_length: 251   comparison_length: 185   similarity: 0.189
BB11020, 1jlv_A-2gsq_.msf, SP: 0.768   ref_length: 215   comparison_length: 194   similarity: 0.196
BB11020, 1b4p_A-1eem_A.msf, SP: 0.734   ref_length: 247   comparison_length: 207   similarity: 0.159
BB11020, 1b4p_A-1gwc_A.msf, SP: 0.74   ref_length: 234   comparison_length: 204   similarity: 0.191
BB11020, 1k0m_A-2gsq_.msf, SP: 0.513   ref_length: 246   comparison_length: 191   similarity: 0.162
BB11020, 1eem_A-1g6w_A.msf, SP: 0.86   ref_length: 264   comparison_length: 207   similarity: 0.179
BB11020, 1b4p_A-2gsq_.msf, SP: 0.892   ref_length: 224   comparison_length: 195   similarity: 0.226
BB11020, 1g6w_A-1nhy_A.msf, SP: 0.67   ref_length: 250   comparison_length: 203   similarity: 0.128
BB11020, 1gwc_A-2gsq_.msf, SP: 0.688   ref_length: 224   comparison_length: 199   similarity: 0.186
BB11020, 1g6w_A-1gwc_A.msf, SP: 0.765   ref_length: 255   comparison_length: 200   similarity: 0.18
BB11020, 1a0f_A-1g6w_A.msf, SP: 0.789   ref_length: 241   comparison_length: 194   similarity: 0.201
BB11020, 1a0f_A-1eem_A.msf, SP: 0.902   ref_length: 245   comparison_length: 193   similarity: 0.171
BB11020, 1eem_A-1k0m_A.msf, SP: 0.791   ref_length: 271   comparison_length: 201   similarity: 0.159
BB11020, 1nhy_A-2gsq_.msf, SP: 0.728   ref_length: 226   comparison_length: 195   similarity: 0.133
BB11020, 1a0f_A-1gwc_A.msf, SP: 0.804   ref_length: 228   comparison_length: 194   similarity: 0.201
BB11020, 1b4p_A-1nhy_A.msf, SP: 0.64   ref_length: 236   comparison_length: 200   similarity: 0.16
BB11020, 1jlv_A-1k0m_A.msf, SP: 0.67   ref_length: 251   comparison_length: 191   similarity: 0.162
BB11020, 1jlv_A-1nhy_A.msf, SP: 0.607   ref_length: 225   comparison_length: 201   similarity: 0.164
BB11020, 1g6w_A-1jlv_A.msf, SP: 0.802   ref_length: 244   comparison_length: 197   similarity: 0.228
BB11020, 1a0f_A-2gsq_.msf, SP: 0.777   ref_length: 215   comparison_length: 188   similarity: 0.197
BB11020, 1a0f_A-1jlv_A.msf, SP: 0.786   ref_length: 212   comparison_length: 196   similarity: 0.189
BB11020, 1eem_A-1nhy_A.msf, SP: 0.662   ref_length: 252   comparison_length: 204   similarity: 0.191
BB11020, 1gwc_A-1k0m_A.msf, SP: 0.784   ref_length: 248   comparison_length: 208   similarity: 0.163
BB11021, 1aac_-1kdi_.msf, SP: 0.741   ref_length: 122   comparison_length: 85   similarity: 0.224
BB11021, 1ov8_A-1pmy_.msf, SP: 0.674   ref_length: 170   comparison_length: 92   similarity: 0.207
BB11021, 1kdi_-1pmy_.msf, SP: 0.775   ref_length: 136   comparison_length: 89   similarity: 0.213
BB11021, 1kdi_-1ov8_A.msf, SP: 0.676   ref_length: 139   comparison_length: 102   similarity: 0.265
BB11021, 1aac_-1pmy_.msf, SP: 0.829   ref_length: 146   comparison_length: 82   similarity: 0.244
BB11021, 1aac_-1ov8_A.msf, SP: 0.59   ref_length: 144   comparison_length: 100   similarity: 0.24
BB11022, 1au7_A-1r69_.msf, SP: 0.698   ref_length: 130   comparison_length: 63   similarity: 0.19
BB11022, 1a04_A-1neq_.msf, SP: 0.277   ref_length: 214   comparison_length: 65   similarity: 0.123
BB11022, 1au7_A-1neq_.msf, SP: 0.472   ref_length: 132   comparison_length: 72   similarity: 0.125
BB11022, 1a04_A-1r69_.msf, SP: 0.797   ref_length: 209   comparison_length: 59   similarity: 0.136
BB11022, 1neq_-1r69_.msf, SP: 0.869   ref_length: 76   comparison_length: 61   similarity: 0.131
BB11022, 1a04_A-1au7_A.msf, SP: 0.0   ref_length: 270   comparison_length: 65   similarity: 0.123
BB11023, 1a7l_A-1eu8_A.msf, SP: 0.761   ref_length: 416   comparison_length: 351   similarity: 0.234
BB11023, 1a7l_A-1mrp_.msf, SP: 0.371   ref_length: 375   comparison_length: 294   similarity: 0.153
BB11023, 1mrp_-1pot_.msf, SP: 0.51   ref_length: 339   comparison_length: 292   similarity: 0.154
BB11023, 1atg_-1wod_.msf, SP: 0.732   ref_length: 242   comparison_length: 220   similarity: 0.264
BB11023, 1pot_-1sbp_.msf, SP: 0.419   ref_length: 347   comparison_length: 284   similarity: 0.158
BB11023, 1eu8_A-1mrp_.msf, SP: 0.372   ref_length: 412   comparison_length: 304   similarity: 0.141
BB11023, 1mrp_-1sbp_.msf, SP: 0.495   ref_length: 341   comparison_length: 277   similarity: 0.155
BB11023, 1eu8_A-1wod_.msf, SP: 0.306   ref_length: 409   comparison_length: 229   similarity: 0.122
BB11023, 1a7l_A-1wod_.msf, SP: 0.377   ref_length: 368   comparison_length: 223   similarity: 0.13
BB11023, 1sbp_-1wod_.msf, SP: 0.623   ref_length: 320   comparison_length: 220   similarity: 0.2
BB11023, 1pot_-1wod_.msf, SP: 0.544   ref_length: 336   comparison_length: 217   similarity: 0.198
BB11023, 1atg_-1eu8_A.msf, SP: 0.48   ref_length: 409   comparison_length: 229   similarity: 0.131
BB11023, 1a7l_A-1sbp_.msf, SP: 0.369   ref_length: 376   comparison_length: 293   similarity: 0.113
BB11023, 1a7l_A-1pot_.msf, SP: 0.599   ref_length: 370   comparison_length: 312   similarity: 0.141
BB11023, 1atg_-1sbp_.msf, SP: 0.665   ref_length: 319   comparison_length: 221   similarity: 0.167
BB11023, 1eu8_A-1pot_.msf, SP: 0.37   ref_length: 413   comparison_length: 316   similarity: 0.12
BB11023, 1eu8_A-1sbp_.msf, SP: 0.268   ref_length: 417   comparison_length: 299   similarity: 0.11
BB11023, 1atg_-1pot_.msf, SP: 0.495   ref_length: 335   comparison_length: 218   similarity: 0.156
BB11023, 1mrp_-1wod_.msf, SP: 0.561   ref_length: 317   comparison_length: 223   similarity: 0.193
BB11023, 1atg_-1mrp_.msf, SP: 0.743   ref_length: 314   comparison_length: 226   similarity: 0.155
BB11023, 1a7l_A-1atg_.msf, SP: 0.398   ref_length: 365   comparison_length: 226   similarity: 0.128
BB11024, 1evk_A-1qe0_A.msf, SP: 0.757   ref_length: 453   comparison_length: 338   similarity: 0.16
BB11024, 1h4q_A-1qe0_A.msf, SP: 0.55   ref_length: 548   comparison_length: 307   similarity: 0.15
BB11024, 1h4q_A-1ser_A.msf, SP: 0.764   ref_length: 561   comparison_length: 276   similarity: 0.149
BB11024, 1evk_A-1h4q_A.msf, SP: 0.708   ref_length: 510   comparison_length: 356   similarity: 0.194
BB11024, 1evk_A-1ser_A.msf, SP: 0.657   ref_length: 496   comparison_length: 277   similarity: 0.137
BB11024, 1qe0_A-1ser_A.msf, SP: 0.491   ref_length: 530   comparison_length: 232   similarity: 0.125
BB11025, 1sap_-1tvx_A.msf, SP: 0.579   ref_length: 73   comparison_length: 57   similarity: 0.193
BB11025, 1lt5_D-1tvx_A.msf, SP: 0.574   ref_length: 106   comparison_length: 61   similarity: 0.18
BB11025, 1prt_F-1tvx_A.msf, SP: 0.0   ref_length: 107   comparison_length: 55   similarity: 0.164
BB11025, 1lt5_D-1sap_.msf, SP: 0.452   ref_length: 107   comparison_length: 62   similarity: 0.161
BB11025, 1lt5_D-1prt_F.msf, SP: 0.0   ref_length: 115   comparison_length: 86   similarity: 0.093
BB11025, 1prt_F-1sap_.msf, SP: 0.0   ref_length: 107   comparison_length: 57   similarity: 0.123
BB11026, 1gua_B-1i7h_A.msf, SP: 0.274   ref_length: 112   comparison_length: 73   similarity: 0.11
BB11026, 1dgj_A-1gua_B.msf, SP: 0.262   ref_length: 917   comparison_length: 65   similarity: 0.169
BB11026, 1awd_-1i7h_A.msf, SP: 0.699   ref_length: 120   comparison_length: 83   similarity: 0.169
BB11026, 1gua_B-2pia_.msf, SP: 0.275   ref_length: 328   comparison_length: 69   similarity: 0.203
BB11026, 1i7h_A-2pia_.msf, SP: 0.447   ref_length: 345   comparison_length: 85   similarity: 0.141
BB11026, 1awd_-2pia_.msf, SP: 0.56   ref_length: 340   comparison_length: 75   similarity: 0.2
BB11026, 1gua_B-1ubi_.msf, SP: 0.58   ref_length: 83   comparison_length: 69   similarity: 0.13
BB11026, 1gua_B-1jq4_A.msf, SP: 0.296   ref_length: 103   comparison_length: 71   similarity: 0.155
BB11026, 1i7h_A-1ubi_.msf, SP: 0.213   ref_length: 110   comparison_length: 75   similarity: 0.12
BB11026, 1dgj_A-1jq4_A.msf, SP: 0.231   ref_length: 926   comparison_length: 78   similarity: 0.141
BB11026, 1awd_-1ubi_.msf, SP: 0.132   ref_length: 102   comparison_length: 68   similarity: 0.132
BB11026, 1dgj_A-1ubi_.msf, SP: 0.083   ref_length: 910   comparison_length: 72   similarity: 0.069
BB11026, 1i7h_A-1jq4_A.msf, SP: 0.352   ref_length: 116   comparison_length: 91   similarity: 0.154
BB11026, 1dgj_A-2pia_.msf, SP: 0.473   ref_length: 1153   comparison_length: 74   similarity: 0.23
BB11026, 1awd_-1jq4_A.msf, SP: 0.551   ref_length: 114   comparison_length: 78   similarity: 0.244
BB11026, 1jq4_A-1ubi_.msf, SP: 0.239   ref_length: 103   comparison_length: 71   similarity: 0.155
BB11026, 1dgj_A-1i7h_A.msf, SP: 0.381   ref_length: 931   comparison_length: 84   similarity: 0.083
BB11026, 1awd_-1gua_B.msf, SP: 0.362   ref_length: 101   comparison_length: 69   similarity: 0.174
BB11026, 1ubi_-2pia_.msf, SP: 0.0   ref_length: 331   comparison_length: 66   similarity: 0.182
BB11026, 1jq4_A-2pia_.msf, SP: 0.329   ref_length: 334   comparison_length: 85   similarity: 0.224
BB11026, 1awd_-1dgj_A.msf, SP: 0.324   ref_length: 926   comparison_length: 74   similarity: 0.189
BB11027, 1e2d_A-1gky_.msf, SP: 0.426   ref_length: 226   comparison_length: 169   similarity: 0.124
BB11027, 1e2d_A-1uky_.msf, SP: 0.418   ref_length: 235   comparison_length: 170   similarity: 0.147
BB11027, 1dvr_A-1gky_.msf, SP: 0.327   ref_length: 238   comparison_length: 168   similarity: 0.185
BB11027, 1dvr_A-1kgd_A.msf, SP: 0.34   ref_length: 239   comparison_length: 156   similarity: 0.103
BB11027, 1bif_-1uky_.msf, SP: 0.472   ref_length: 452   comparison_length: 176   similarity: 0.131
BB11027, 1kgd_A-1uky_.msf, SP: 0.57   ref_length: 213   comparison_length: 158   similarity: 0.108
BB11027, 1bif_-4tmk_A.msf, SP: 0.267   ref_length: 455   comparison_length: 187   similarity: 0.123
BB11027, 1bif_-1gky_.msf, SP: 0.234   ref_length: 447   comparison_length: 171   similarity: 0.146
BB11027, 1dvr_A-1e2d_A.msf, SP: 0.379   ref_length: 260   comparison_length: 169   similarity: 0.213
BB11027, 1e2d_A-4tmk_A.msf, SP: 0.586   ref_length: 228   comparison_length: 191   similarity: 0.246
BB11027, 1dvr_A-4tmk_A.msf, SP: 0.488   ref_length: 262   comparison_length: 168   similarity: 0.167
BB11027, 1dvr_A-1uky_.msf, SP: 0.878   ref_length: 227   comparison_length: 189   similarity: 0.249
BB11027, 1gky_-4tmk_A.msf, SP: 0.438   ref_length: 227   comparison_length: 169   similarity: 0.154
BB11027, 1gky_-1uky_.msf, SP: 0.586   ref_length: 213   comparison_length: 169   similarity: 0.225
BB11027, 1kgd_A-4tmk_A.msf, SP: 0.531   ref_length: 223   comparison_length: 162   similarity: 0.111
BB11027, 1gky_-1kgd_A.msf, SP: 0.818   ref_length: 191   comparison_length: 170   similarity: 0.282
BB11027, 1e2d_A-1kgd_A.msf, SP: 0.568   ref_length: 222   comparison_length: 162   similarity: 0.105
BB11027, 1uky_-4tmk_A.msf, SP: 0.452   ref_length: 238   comparison_length: 168   similarity: 0.131
BB11027, 1bif_-1dvr_A.msf, SP: 0.657   ref_length: 471   comparison_length: 181   similarity: 0.133
BB11027, 1bif_-1kgd_A.msf, SP: 0.174   ref_length: 446   comparison_length: 161   similarity: 0.112
BB11027, 1bif_-1e2d_A.msf, SP: 0.274   ref_length: 455   comparison_length: 186   similarity: 0.145
BB11028, 1d9k_A-1rhf_A.msf, SP: 0.648   ref_length: 198   comparison_length: 88   similarity: 0.182
BB11028, 1cvs_C-1hnf_.msf, SP: 0.361   ref_length: 224   comparison_length: 166   similarity: 0.12
BB11028, 1d9k_A-1tlk_.msf, SP: 0.728   ref_length: 121   comparison_length: 92   similarity: 0.228
BB11028, 1hnf_-1wit_.msf, SP: 0.675   ref_length: 189   comparison_length: 83   similarity: 0.169
BB11028, 1bqs_A-1vca_A.msf, SP: 0.526   ref_length: 212   comparison_length: 196   similarity: 0.153
BB11028, 1nbq_A-1tlk_.msf, SP: 0.624   ref_length: 211   comparison_length: 101   similarity: 0.198
BB11028, 1bqs_A-1d9k_A.msf, SP: 0.713   ref_length: 232   comparison_length: 87   similarity: 0.149
BB11028, 1d9k_A-1vca_A.msf, SP: 0.682   ref_length: 221   comparison_length: 88   similarity: 0.182
BB11028, 1cvs_C-2ncm_.msf, SP: 0.0   ref_length: 217   comparison_length: 93   similarity: 0.194
BB11028, 1hnf_-2ncm_.msf, SP: 0.742   ref_length: 189   comparison_length: 89   similarity: 0.202
BB11028, 1cvs_C-1wit_.msf, SP: 0.733   ref_length: 214   comparison_length: 90   similarity: 0.233
BB11028, 1tlk_-1wit_.msf, SP: 0.968   ref_length: 103   comparison_length: 93   similarity: 0.215
BB11028, 1bqs_A-1nbq_A.msf, SP: 0.0   ref_length: 327   comparison_length: 91   similarity: 0.187
BB11028, 1rhf_A-1wit_.msf, SP: 0.72   ref_length: 187   comparison_length: 82   similarity: 0.183
BB11028, 1d9k_A-1hnf_.msf, SP: 0.61   ref_length: 189   comparison_length: 100   similarity: 0.15
BB11028, 1hnf_-1rhf_A.msf, SP: 0.283   ref_length: 196   comparison_length: 159   similarity: 0.107
BB11028, 1tlk_-1vca_A.msf, SP: 0.843   ref_length: 213   comparison_length: 89   similarity: 0.157
BB11028, 1wit_-2ncm_.msf, SP: 0.761   ref_length: 100   comparison_length: 92   similarity: 0.185
BB11028, 1d9k_A-1wit_.msf, SP: 0.753   ref_length: 114   comparison_length: 89   similarity: 0.157
BB11028, 1bqs_A-1cvs_C.msf, SP: 0.31   ref_length: 223   comparison_length: 197   similarity: 0.102
BB11028, 1cvs_C-1rhf_A.msf, SP: 0.345   ref_length: 216   comparison_length: 171   similarity: 0.146
BB11028, 1bqs_A-2ncm_.msf, SP: 0.789   ref_length: 218   comparison_length: 90   similarity: 0.244
BB11028, 1rhf_A-1tlk_.msf, SP: 0.765   ref_length: 194   comparison_length: 85   similarity: 0.212
BB11028, 1cvs_C-1nbq_A.msf, SP: 0.0   ref_length: 320   comparison_length: 100   similarity: 0.15
BB11028, 1d9k_A-1nbq_A.msf, SP: 0.0   ref_length: 221   comparison_length: 98   similarity: 0.143
BB11028, 1bqs_A-1hnf_.msf, SP: 0.371   ref_length: 229   comparison_length: 159   similarity: 0.057
BB11028, 1cvs_C-1tlk_.msf, SP: 0.793   ref_length: 222   comparison_length: 92   similarity: 0.239
BB11028, 1hnf_-1nbq_A.msf, SP: 0.0   ref_length: 296   comparison_length: 92   similarity: 0.13
BB11028, 1vca_A-1wit_.msf, SP: 0.943   ref_length: 205   comparison_length: 87   similarity: 0.161
BB11028, 1rhf_A-1vca_A.msf, SP: 0.463   ref_length: 211   comparison_length: 164   similarity: 0.122
BB11028, 1bqs_A-1tlk_.msf, SP: 0.767   ref_length: 222   comparison_length: 90   similarity: 0.2
BB11028, 1vca_A-2ncm_.msf, SP: 0.73   ref_length: 209   comparison_length: 89   similarity: 0.225
BB11028, 1tlk_-2ncm_.msf, SP: 0.798   ref_length: 108   comparison_length: 94   similarity: 0.181
BB11028, 1cvs_C-1vca_A.msf, SP: 0.33   ref_length: 222   comparison_length: 188   similarity: 0.106
BB11028, 1rhf_A-2ncm_.msf, SP: 0.659   ref_length: 190   comparison_length: 85   similarity: 0.2
BB11028, 1nbq_A-2ncm_.msf, SP: 0.0   ref_length: 210   comparison_length: 98   similarity: 0.163
BB11028, 1hnf_-1vca_A.msf, SP: 0.453   ref_length: 219   comparison_length: 159   similarity: 0.107
BB11028, 1hnf_-1tlk_.msf, SP: 0.6   ref_length: 197   comparison_length: 85   similarity: 0.153
BB11028, 1bqs_A-1wit_.msf, SP: 0.841   ref_length: 214   comparison_length: 88   similarity: 0.125
BB11028, 1cvs_C-1d9k_A.msf, SP: 0.0   ref_length: 228   comparison_length: 93   similarity: 0.151
BB11028, 1nbq_A-1rhf_A.msf, SP: 0.0   ref_length: 297   comparison_length: 88   similarity: 0.205
BB11028, 1bqs_A-1rhf_A.msf, SP: 0.579   ref_length: 221   comparison_length: 164   similarity: 0.146
BB11028, 1nbq_A-1wit_.msf, SP: 0.0   ref_length: 209   comparison_length: 93   similarity: 0.151
BB11028, 1nbq_A-1vca_A.msf, SP: 0.0   ref_length: 318   comparison_length: 90   similarity: 0.222
BB11028, 1d9k_A-2ncm_.msf, SP: 0.8   ref_length: 114   comparison_length: 95   similarity: 0.168
BB11029, 1a56_-1cno_A.msf, SP: 0.5   ref_length: 99   comparison_length: 68   similarity: 0.279
BB11029, 1cno_A-1ycc_.msf, SP: 0.718   ref_length: 111   comparison_length: 78   similarity: 0.205
BB11029, 1a56_-1h31_B.msf, SP: 0.747   ref_length: 144   comparison_length: 75   similarity: 0.253
BB11029, 1cno_A-1h31_B.msf, SP: 0.52   ref_length: 149   comparison_length: 75   similarity: 0.173
BB11029, 1h31_B-1ycc_.msf, SP: 0.639   ref_length: 158   comparison_length: 83   similarity: 0.241
BB11029, 1a56_-1ycc_.msf, SP: 0.8   ref_length: 104   comparison_length: 80   similarity: 0.15
BB11030, 1i24_A-1pwx_A.msf, SP: 0.445   ref_length: 426   comparison_length: 218   similarity: 0.106
BB11030, 1fds_-1rkx_A.msf, SP: 0.533   ref_length: 389   comparison_length: 242   similarity: 0.174
BB11030, 1a9y_-1rkx_A.msf, SP: 0.493   ref_length: 385   comparison_length: 302   similarity: 0.185
BB11030, 1a9y_-1pwx_A.msf, SP: 0.567   ref_length: 359   comparison_length: 231   similarity: 0.108
BB11030, 1pwx_A-1rkx_A.msf, SP: 0.578   ref_length: 371   comparison_length: 230   similarity: 0.13
BB11030, 1e7w_A-1i24_A.msf, SP: 0.547   ref_length: 445   comparison_length: 214   similarity: 0.117
BB11030, 1kep_A-1nas_.msf, SP: 0.488   ref_length: 388   comparison_length: 217   similarity: 0.143
BB11030, 1e7w_A-1gz6_A.msf, SP: 0.806   ref_length: 336   comparison_length: 232   similarity: 0.211
BB11030, 1a9y_-1fds_.msf, SP: 0.541   ref_length: 361   comparison_length: 259   similarity: 0.143
BB11030, 1a9y_-1kep_A.msf, SP: 0.705   ref_length: 372   comparison_length: 312   similarity: 0.231
BB11030, 1i24_A-1kep_A.msf, SP: 0.463   ref_length: 418   comparison_length: 320   similarity: 0.147
BB11030, 1a9y_-1gz6_A.msf, SP: 0.502   ref_length: 368   comparison_length: 271   similarity: 0.159
BB11030, 1gz6_A-1n5d_A.msf, SP: 0.668   ref_length: 360   comparison_length: 229   similarity: 0.201
BB11030, 1gz6_A-1pwx_A.msf, SP: 0.762   ref_length: 322   comparison_length: 231   similarity: 0.238
BB11030, 1kep_A-1n5d_A.msf, SP: 0.551   ref_length: 391   comparison_length: 243   similarity: 0.152
BB11030, 1dhr_-1nas_.msf, SP: 0.818   ref_length: 281   comparison_length: 214   similarity: 0.112
BB11030, 1e7w_A-2hsd_A.msf, SP: 0.884   ref_length: 279   comparison_length: 241   similarity: 0.249
BB11030, 1a9y_-1e7w_A.msf, SP: 0.601   ref_length: 377   comparison_length: 228   similarity: 0.132
BB11030, 1eny_-1rkx_A.msf, SP: 0.524   ref_length: 386   comparison_length: 231   similarity: 0.113
BB11030, 1n5d_A-1rkx_A.msf, SP: 0.516   ref_length: 391   comparison_length: 246   similarity: 0.134
BB11030, 1a4u_A-1n5d_A.msf, SP: 0.678   ref_length: 315   comparison_length: 227   similarity: 0.194
BB11030, 1gz6_A-1kep_A.msf, SP: 0.403   ref_length: 384   comparison_length: 263   similarity: 0.125
BB11030, 1i24_A-1nas_.msf, SP: 0.453   ref_length: 439   comparison_length: 212   similarity: 0.099
BB11030, 1dhr_-1e7w_A.msf, SP: 0.842   ref_length: 282   comparison_length: 221   similarity: 0.122
BB11030, 1nas_-1rkx_A.msf, SP: 0.538   ref_length: 383   comparison_length: 225   similarity: 0.164
BB11030, 1n5d_A-2hsd_A.msf, SP: 0.701   ref_length: 310   comparison_length: 231   similarity: 0.234
BB11030, 1nas_-2hsd_A.msf, SP: 0.843   ref_length: 277   comparison_length: 235   similarity: 0.217
BB11030, 1a4u_A-1rkx_A.msf, SP: 0.459   ref_length: 372   comparison_length: 231   similarity: 0.156
BB11030, 1e7w_A-1eny_.msf, SP: 0.829   ref_length: 295   comparison_length: 240   similarity: 0.212
BB11030, 1kep_A-2hsd_A.msf, SP: 0.522   ref_length: 373   comparison_length: 226   similarity: 0.146
BB11030, 1eny_-1pwx_A.msf, SP: 0.749   ref_length: 289   comparison_length: 231   similarity: 0.143
BB11030, 1eny_-1nas_.msf, SP: 0.746   ref_length: 283   comparison_length: 244   similarity: 0.148
BB11030, 1eny_-1gz6_A.msf, SP: 0.725   ref_length: 340   comparison_length: 229   similarity: 0.162
BB11030, 1nas_-1pwx_A.msf, SP: 0.728   ref_length: 283   comparison_length: 228   similarity: 0.145
BB11030, 1kep_A-1pwx_A.msf, SP: 0.57   ref_length: 377   comparison_length: 221   similarity: 0.118
BB11030, 1fds_-1n5d_A.msf, SP: 0.658   ref_length: 339   comparison_length: 231   similarity: 0.229
BB11030, 1a4u_A-1kep_A.msf, SP: 0.568   ref_length: 378   comparison_length: 222   similarity: 0.149
BB11030, 1a9y_-1eny_.msf, SP: 0.418   ref_length: 374   comparison_length: 232   similarity: 0.125
BB11030, 1dhr_-1gz6_A.msf, SP: 0.705   ref_length: 320   comparison_length: 217   similarity: 0.18
BB11030, 1a4u_A-1eny_.msf, SP: 0.833   ref_length: 289   comparison_length: 233   similarity: 0.146
BB11030, 1gz6_A-1i24_A.msf, SP: 0.342   ref_length: 421   comparison_length: 272   similarity: 0.129
BB11030, 1e7w_A-1kep_A.msf, SP: 0.58   ref_length: 394   comparison_length: 219   similarity: 0.128
BB11030, 1a9y_-1n5d_A.msf, SP: 0.329   ref_length: 389   comparison_length: 237   similarity: 0.143
BB11030, 1i24_A-1rkx_A.msf, SP: 0.437   ref_length: 441   comparison_length: 300   similarity: 0.167
BB11030, 1gz6_A-1rkx_A.msf, SP: 0.346   ref_length: 387   comparison_length: 263   similarity: 0.148
BB11030, 1eny_-1fds_.msf, SP: 0.727   ref_length: 305   comparison_length: 245   similarity: 0.163
BB11030, 1dhr_-1i24_A.msf, SP: 0.587   ref_length: 422   comparison_length: 206   similarity: 0.131
BB11030, 1eny_-1n5d_A.msf, SP: 0.684   ref_length: 331   comparison_length: 225   similarity: 0.164
BB11030, 1a4u_A-1a9y_.msf, SP: 0.662   ref_length: 358   comparison_length: 234   similarity: 0.154
BB11030, 1a4u_A-1pwx_A.msf, SP: 0.751   ref_length: 281   comparison_length: 225   similarity: 0.16
BB11030, 1e7w_A-1n5d_A.msf, SP: 0.615   ref_length: 329   comparison_length: 226   similarity: 0.181
BB11030, 1eny_-1kep_A.msf, SP: 0.536   ref_length: 394   comparison_length: 220   similarity: 0.145
BB11030, 1i24_A-1n5d_A.msf, SP: 0.61   ref_length: 429   comparison_length: 251   similarity: 0.143
BB11030, 1a4u_A-1e7w_A.msf, SP: 0.87   ref_length: 290   comparison_length: 231   similarity: 0.156
BB11030, 1dhr_-2hsd_A.msf, SP: 0.858   ref_length: 264   comparison_length: 225   similarity: 0.173
BB11030, 1kep_A-1rkx_A.msf, SP: 0.505   ref_length: 380   comparison_length: 315   similarity: 0.181
BB11030, 1fds_-1gz6_A.msf, SP: 0.573   ref_length: 335   comparison_length: 248   similarity: 0.206
BB11030, 1gz6_A-2hsd_A.msf, SP: 0.831   ref_length: 318   comparison_length: 236   similarity: 0.25
BB11030, 1eny_-1i24_A.msf, SP: 0.6   ref_length: 445   comparison_length: 215   similarity: 0.13
BB11030, 1e7w_A-1rkx_A.msf, SP: 0.552   ref_length: 386   comparison_length: 230   similarity: 0.143
BB11030, 1a9y_-1dhr_.msf, SP: 0.545   ref_length: 363   comparison_length: 211   similarity: 0.147
BB11030, 1dhr_-1kep_A.msf, SP: 0.593   ref_length: 378   comparison_length: 204   similarity: 0.127
BB11030, 1e7w_A-1nas_.msf, SP: 0.765   ref_length: 288   comparison_length: 238   similarity: 0.193
BB11030, 1e7w_A-1fds_.msf, SP: 0.71   ref_length: 311   comparison_length: 238   similarity: 0.197
BB11030, 1e7w_A-1pwx_A.msf, SP: 0.903   ref_length: 283   comparison_length: 236   similarity: 0.22
BB11030, 1rkx_A-2hsd_A.msf, SP: 0.515   ref_length: 365   comparison_length: 237   similarity: 0.148
BB11030, 1n5d_A-1nas_.msf, SP: 0.648   ref_length: 328   comparison_length: 219   similarity: 0.187
BB11030, 1pwx_A-2hsd_A.msf, SP: 0.869   ref_length: 268   comparison_length: 237   similarity: 0.232
BB11030, 1i24_A-2hsd_A.msf, SP: 0.45   ref_length: 427   comparison_length: 218   similarity: 0.17
BB11030, 1a9y_-1nas_.msf, SP: 0.538   ref_length: 372   comparison_length: 225   similarity: 0.133
BB11030, 1fds_-1kep_A.msf, SP: 0.587   ref_length: 381   comparison_length: 247   similarity: 0.13
BB11030, 1dhr_-1pwx_A.msf, SP: 0.819   ref_length: 272   comparison_length: 216   similarity: 0.125
BB11030, 1dhr_-1n5d_A.msf, SP: 0.665   ref_length: 309   comparison_length: 215   similarity: 0.126
BB11030, 1a9y_-2hsd_A.msf, SP: 0.511   ref_length: 360   comparison_length: 231   similarity: 0.152
BB11030, 1fds_-1i24_A.msf, SP: 0.432   ref_length: 433   comparison_length: 241   similarity: 0.162
BB11030, 1dhr_-1rkx_A.msf, SP: 0.545   ref_length: 372   comparison_length: 213   similarity: 0.094
BB11030, 1fds_-1nas_.msf, SP: 0.743   ref_length: 300   comparison_length: 241   similarity: 0.191
BB11030, 1gz6_A-1nas_.msf, SP: 0.673   ref_length: 334   comparison_length: 226   similarity: 0.177
BB11030, 1a4u_A-1fds_.msf, SP: 0.743   ref_length: 295   comparison_length: 241   similarity: 0.216
BB11030, 1n5d_A-1pwx_A.msf, SP: 0.541   ref_length: 318   comparison_length: 222   similarity: 0.144
BB11030, 1a4u_A-1gz6_A.msf, SP: 0.723   ref_length: 324   comparison_length: 231   similarity: 0.208
BB11030, 1eny_-2hsd_A.msf, SP: 0.901   ref_length: 278   comparison_length: 243   similarity: 0.239
BB11030, 1dhr_-1fds_.msf, SP: 0.733   ref_length: 297   comparison_length: 221   similarity: 0.145
BB11030, 1a9y_-1i24_A.msf, SP: 0.512   ref_length: 433   comparison_length: 297   similarity: 0.192
BB11030, 1a4u_A-1i24_A.msf, SP: 0.47   ref_length: 427   comparison_length: 219   similarity: 0.151
BB11030, 1fds_-2hsd_A.msf, SP: 0.719   ref_length: 293   comparison_length: 242   similarity: 0.244
BB11030, 1a4u_A-2hsd_A.msf, SP: 0.89   ref_length: 271   comparison_length: 236   similarity: 0.225
BB11030, 1dhr_-1eny_.msf, SP: 0.74   ref_length: 281   comparison_length: 223   similarity: 0.121
BB11030, 1a4u_A-1dhr_.msf, SP: 0.619   ref_length: 275   comparison_length: 215   similarity: 0.14
BB11030, 1fds_-1pwx_A.msf, SP: 0.655   ref_length: 296   comparison_length: 238   similarity: 0.151
BB11030, 1a4u_A-1nas_.msf, SP: 0.861   ref_length: 282   comparison_length: 231   similarity: 0.199
BB11031, 1bqc_A-1gzj_A.msf, SP: 0.614   ref_length: 355   comparison_length: 251   similarity: 0.183
BB11031, 1a3h_-1bhg_A.msf, SP: 0.464   ref_length: 648   comparison_length: 263   similarity: 0.137
BB11031, 1qno_A-1vjz_A.msf, SP: 0.659   ref_length: 396   comparison_length: 273   similarity: 0.121
BB11031, 1gzj_A-1vjz_A.msf, SP: 0.662   ref_length: 360   comparison_length: 269   similarity: 0.126
BB11031, 1edg_-1vjz_A.msf, SP: 0.671   ref_length: 413   comparison_length: 292   similarity: 0.168
BB11031, 1a3h_-1bqc_A.msf, SP: 0.713   ref_length: 334   comparison_length: 268   similarity: 0.157
BB11031, 1bhg_A-1gzj_A.msf, SP: 0.431   ref_length: 662   comparison_length: 253   similarity: 0.13
BB11031, 1c0d_A-1gow_A.msf, SP: 0.581   ref_length: 515   comparison_length: 332   similarity: 0.142
BB11031, 1gow_A-1gzj_A.msf, SP: 0.46   ref_length: 495   comparison_length: 298   similarity: 0.114
BB11031, 1edg_-1qno_A.msf, SP: 0.587   ref_length: 426   comparison_length: 298   similarity: 0.141
BB11031, 1c0d_A-1cz1_A.msf, SP: 0.643   ref_length: 458   comparison_length: 294   similarity: 0.18
BB11031, 1bqc_A-1qno_A.msf, SP: 0.615   ref_length: 363   comparison_length: 283   similarity: 0.155
BB11031, 1c0d_A-1edg_.msf, SP: 0.581   ref_length: 425   comparison_length: 313   similarity: 0.163
BB11031, 1bqc_A-1gow_A.msf, SP: 0.498   ref_length: 508   comparison_length: 283   similarity: 0.102
BB11031, 1bhg_A-1cz1_A.msf, SP: 0.438   ref_length: 729   comparison_length: 276   similarity: 0.141
BB11031, 1cz1_A-1qno_A.msf, SP: 0.574   ref_length: 449   comparison_length: 289   similarity: 0.138
BB11031, 1cz1_A-1gzj_A.msf, SP: 0.538   ref_length: 425   comparison_length: 273   similarity: 0.11
BB11031, 1c0d_A-1ceo_.msf, SP: 0.726   ref_length: 416   comparison_length: 274   similarity: 0.161
BB11031, 1bhg_A-1c0d_A.msf, SP: 0.512   ref_length: 684   comparison_length: 285   similarity: 0.14
BB11031, 1a3h_-1qno_A.msf, SP: 0.619   ref_length: 371   comparison_length: 273   similarity: 0.139
BB11031, 1bqc_A-1vjz_A.msf, SP: 0.729   ref_length: 376   comparison_length: 251   similarity: 0.155
BB11031, 1bhg_A-1qno_A.msf, SP: 0.506   ref_length: 688   comparison_length: 267   similarity: 0.165
BB11031, 1ceo_-1qno_A.msf, SP: 0.6   ref_length: 416   comparison_length: 260   similarity: 0.165
BB11031, 1bhg_A-1gow_A.msf, SP: 0.442   ref_length: 822   comparison_length: 278   similarity: 0.097
BB11031, 1bhg_A-1vjz_A.msf, SP: 0.478   ref_length: 685   comparison_length: 251   similarity: 0.131
BB11031, 1ceo_-1gzj_A.msf, SP: 0.82   ref_length: 370   comparison_length: 266   similarity: 0.165
BB11031, 1ceo_-1edg_.msf, SP: 0.763   ref_length: 412   comparison_length: 300   similarity: 0.183
BB11031, 1bhg_A-1ceo_.msf, SP: 0.467   ref_length: 703   comparison_length: 240   similarity: 0.142
BB11031, 1ceo_-1gow_A.msf, SP: 0.541   ref_length: 507   comparison_length: 314   similarity: 0.118
BB11031, 1cz1_A-1gow_A.msf, SP: 0.488   ref_length: 547   comparison_length: 336   similarity: 0.083
BB11031, 1c0d_A-1qno_A.msf, SP: 0.622   ref_length: 390   comparison_length: 312   similarity: 0.17
BB11031, 1ceo_-1vjz_A.msf, SP: 0.696   ref_length: 374   comparison_length: 283   similarity: 0.244
BB11031, 1a3h_-1gow_A.msf, SP: 0.593   ref_length: 514   comparison_length: 275   similarity: 0.131
BB11031, 1bqc_A-1edg_.msf, SP: 0.601   ref_length: 406   comparison_length: 276   similarity: 0.167
BB11031, 1c0d_A-1vjz_A.msf, SP: 0.698   ref_length: 402   comparison_length: 281   similarity: 0.174
BB11031, 1gow_A-1vjz_A.msf, SP: 0.448   ref_length: 495   comparison_length: 319   similarity: 0.088
BB11031, 1gzj_A-1qno_A.msf, SP: 0.644   ref_length: 381   comparison_length: 267   similarity: 0.142
BB11031, 1gow_A-1qno_A.msf, SP: 0.491   ref_length: 509   comparison_length: 324   similarity: 0.096
BB11031, 1edg_-1gzj_A.msf, SP: 0.675   ref_length: 404   comparison_length: 280   similarity: 0.168
BB11031, 1edg_-1gow_A.msf, SP: 0.499   ref_length: 526   comparison_length: 343   similarity: 0.146
BB11031, 1bqc_A-1ceo_.msf, SP: 0.707   ref_length: 388   comparison_length: 246   similarity: 0.159
BB11031, 1a3h_-1ceo_.msf, SP: 0.742   ref_length: 376   comparison_length: 256   similarity: 0.152
BB11031, 1bqc_A-1cz1_A.msf, SP: 0.549   ref_length: 432   comparison_length: 264   similarity: 0.144
BB11031, 1a3h_-1cz1_A.msf, SP: 0.549   ref_length: 430   comparison_length: 264   similarity: 0.155
BB11031, 1c0d_A-1gzj_A.msf, SP: 0.754   ref_length: 373   comparison_length: 289   similarity: 0.183
BB11031, 1bhg_A-1bqc_A.msf, SP: 0.405   ref_length: 651   comparison_length: 262   similarity: 0.145
BB11031, 1a3h_-1gzj_A.msf, SP: 0.691   ref_length: 355   comparison_length: 249   similarity: 0.149
BB11031, 1a3h_-1c0d_A.msf, SP: 0.729   ref_length: 381   comparison_length: 277   similarity: 0.152
BB11031, 1bhg_A-1edg_.msf, SP: 0.383   ref_length: 709   comparison_length: 282   similarity: 0.131
BB11031, 1bqc_A-1c0d_A.msf, SP: 0.692   ref_length: 374   comparison_length: 286   similarity: 0.157
BB11031, 1cz1_A-1edg_.msf, SP: 0.662   ref_length: 472   comparison_length: 302   similarity: 0.149
BB11031, 1a3h_-1edg_.msf, SP: 0.679   ref_length: 390   comparison_length: 290   similarity: 0.128
BB11031, 1cz1_A-1vjz_A.msf, SP: 0.674   ref_length: 440   comparison_length: 279   similarity: 0.165
BB11031, 1a3h_-1vjz_A.msf, SP: 0.719   ref_length: 376   comparison_length: 249   similarity: 0.145
BB11031, 1ceo_-1cz1_A.msf, SP: 0.715   ref_length: 452   comparison_length: 274   similarity: 0.19
BB11032, 1cqx_A-1fnc_.msf, SP: 0.693   ref_length: 448   comparison_length: 251   similarity: 0.151
BB11032, 1ep1_B-1fdr_.msf, SP: 0.657   ref_length: 292   comparison_length: 213   similarity: 0.122
BB11032, 1krh_A-1ndh_.msf, SP: 0.765   ref_length: 377   comparison_length: 230   similarity: 0.204
BB11032, 1cqx_A-1ep1_B.msf, SP: 0.577   ref_length: 442   comparison_length: 222   similarity: 0.153
BB11032, 1krh_A-2pia_.msf, SP: 0.82   ref_length: 441   comparison_length: 217   similarity: 0.207
BB11032, 1ep1_B-1qfj_A.msf, SP: 0.705   ref_length: 277   comparison_length: 210   similarity: 0.133
BB11032, 1fnc_-1ndh_.msf, SP: 0.684   ref_length: 319   comparison_length: 247   similarity: 0.174
BB11032, 1cqx_A-1qfj_A.msf, SP: 0.826   ref_length: 411   comparison_length: 218   similarity: 0.193
BB11032, 1fdr_-1qfj_A.msf, SP: 0.7   ref_length: 250   comparison_length: 220   similarity: 0.173
BB11032, 1ep1_B-1krh_A.msf, SP: 0.721   ref_length: 383   comparison_length: 215   similarity: 0.186
BB11032, 1qfj_A-2pia_.msf, SP: 0.779   ref_length: 339   comparison_length: 208   similarity: 0.178
BB11032, 1cqx_A-1krh_A.msf, SP: 0.687   ref_length: 408   comparison_length: 332   similarity: 0.196
BB11032, 1fdr_-1fnc_.msf, SP: 0.632   ref_length: 301   comparison_length: 239   similarity: 0.192
BB11032, 1ep1_B-1ndh_.msf, SP: 0.784   ref_length: 313   comparison_length: 218   similarity: 0.161
BB11032, 1fdr_-1ndh_.msf, SP: 0.7   ref_length: 287   comparison_length: 227   similarity: 0.189
BB11032, 1cqx_A-2pia_.msf, SP: 0.773   ref_length: 499   comparison_length: 225   similarity: 0.253
BB11032, 1fdr_-1krh_A.msf, SP: 0.705   ref_length: 357   comparison_length: 224   similarity: 0.223
BB11032, 1cqx_A-1ndh_.msf, SP: 0.719   ref_length: 431   comparison_length: 242   similarity: 0.149
BB11032, 1ndh_-2pia_.msf, SP: 0.707   ref_length: 369   comparison_length: 222   similarity: 0.167
BB11032, 1cqx_A-1fdr_.msf, SP: 0.616   ref_length: 423   comparison_length: 224   similarity: 0.161
BB11032, 1ep1_B-1fnc_.msf, SP: 0.743   ref_length: 339   comparison_length: 218   similarity: 0.165
BB11032, 1fnc_-2pia_.msf, SP: 0.67   ref_length: 396   comparison_length: 221   similarity: 0.172
BB11032, 1ep1_B-2pia_.msf, SP: 0.622   ref_length: 333   comparison_length: 249   similarity: 0.173
BB11032, 1ndh_-1qfj_A.msf, SP: 0.731   ref_length: 277   comparison_length: 219   similarity: 0.16
BB11032, 1fdr_-2pia_.msf, SP: 0.61   ref_length: 352   comparison_length: 213   similarity: 0.164
BB11032, 1krh_A-1qfj_A.msf, SP: 0.833   ref_length: 347   comparison_length: 216   similarity: 0.222
BB11032, 1fnc_-1qfj_A.msf, SP: 0.658   ref_length: 303   comparison_length: 219   similarity: 0.169
BB11032, 1fnc_-1krh_A.msf, SP: 0.598   ref_length: 392   comparison_length: 241   similarity: 0.183
BB11033, 1erv_-1grx_.msf, SP: 0.506   ref_length: 113   comparison_length: 77   similarity: 0.143
BB11033, 1a8l_-1thx_.msf, SP: 0.813   ref_length: 227   comparison_length: 107   similarity: 0.159
BB11033, 1kng_A-1mek_.msf, SP: 0.398   ref_length: 156   comparison_length: 108   similarity: 0.148
BB11033, 1j0f_A-1thx_.msf, SP: 0.212   ref_length: 123   comparison_length: 85   similarity: 0.082
BB11033, 1a8l_-1mek_.msf, SP: 0.75   ref_length: 234   comparison_length: 112   similarity: 0.196
BB11033, 1ewx_A-2trc_P.msf, SP: 0.241   ref_length: 249   comparison_length: 112   similarity: 0.071
BB11033, 1grx_-1mek_.msf, SP: 0.436   ref_length: 127   comparison_length: 78   similarity: 0.179
BB11033, 1ewx_A-1thx_.msf, SP: 0.511   ref_length: 158   comparison_length: 94   similarity: 0.223
BB11033, 1j0f_A-1jfu_A.msf, SP: 0.0   ref_length: 186   comparison_length: 90   similarity: 0.1
BB11033, 1jfu_A-1mek_.msf, SP: 0.464   ref_length: 186   comparison_length: 110   similarity: 0.191
BB11033, 1ewx_A-1grx_.msf, SP: 0.35   ref_length: 149   comparison_length: 80   similarity: 0.113
BB11033, 1mek_-1se1_A.msf, SP: 0.593   ref_length: 246   comparison_length: 113   similarity: 0.186
BB11033, 1kng_A-1thx_.msf, SP: 0.667   ref_length: 150   comparison_length: 102   similarity: 0.235
BB11033, 1jfu_A-1kng_A.msf, SP: 0.507   ref_length: 180   comparison_length: 140   similarity: 0.229
BB11033, 1ewx_A-1mek_.msf, SP: 0.406   ref_length: 163   comparison_length: 101   similarity: 0.198
BB11033, 1a8l_-1kng_A.msf, SP: 0.569   ref_length: 254   comparison_length: 116   similarity: 0.121
BB11033, 1j0f_A-1mek_.msf, SP: 0.0   ref_length: 132   comparison_length: 88   similarity: 0.159
BB11033, 1grx_-2trc_P.msf, SP: 0.455   ref_length: 225   comparison_length: 77   similarity: 0.156
BB11033, 1ewx_A-1jfu_A.msf, SP: 0.448   ref_length: 186   comparison_length: 134   similarity: 0.194
BB11033, 1mek_-2trc_P.msf, SP: 0.706   ref_length: 228   comparison_length: 109   similarity: 0.147
BB11033, 1a8l_-1jfu_A.msf, SP: 0.542   ref_length: 258   comparison_length: 144   similarity: 0.097
BB11033, 1ewx_A-1kng_A.msf, SP: 0.38   ref_length: 167   comparison_length: 121   similarity: 0.14
BB11033, 1grx_-1j0f_A.msf, SP: 0.618   ref_length: 109   comparison_length: 76   similarity: 0.197
BB11033, 1erv_-1j0f_A.msf, SP: 0.357   ref_length: 121   comparison_length: 84   similarity: 0.119
BB11033, 1kng_A-2trc_P.msf, SP: 0.342   ref_length: 244   comparison_length: 117   similarity: 0.094
BB11033, 1jfu_A-2trc_P.msf, SP: 0.497   ref_length: 250   comparison_length: 143   similarity: 0.098
BB11033, 1grx_-1thx_.msf, SP: 0.359   ref_length: 115   comparison_length: 78   similarity: 0.179
BB11033, 1erv_-1thx_.msf, SP: 0.819   ref_length: 108   comparison_length: 105   similarity: 0.229
BB11033, 1grx_-1se1_A.msf, SP: 0.506   ref_length: 245   comparison_length: 79   similarity: 0.139
BB11033, 1jfu_A-1se1_A.msf, SP: 0.309   ref_length: 266   comparison_length: 149   similarity: 0.161
BB11033, 1se1_A-1thx_.msf, SP: 0.548   ref_length: 243   comparison_length: 104   similarity: 0.135
BB11033, 1a8l_-1grx_.msf, SP: 0.0   ref_length: 233   comparison_length: 78   similarity: 0.231
BB11033, 1erv_-1mek_.msf, SP: 0.709   ref_length: 122   comparison_length: 103   similarity: 0.233
BB11033, 1grx_-1kng_A.msf, SP: 0.525   ref_length: 149   comparison_length: 80   similarity: 0.15
BB11033, 1a8l_-1erv_.msf, SP: 0.769   ref_length: 227   comparison_length: 104   similarity: 0.135
BB11033, 1mek_-1thx_.msf, SP: 0.83   ref_length: 122   comparison_length: 106   similarity: 0.198
BB11033, 1erv_-2trc_P.msf, SP: 0.765   ref_length: 220   comparison_length: 102   similarity: 0.167
BB11033, 1erv_-1kng_A.msf, SP: 0.574   ref_length: 148   comparison_length: 101   similarity: 0.188
BB11033, 1thx_-2trc_P.msf, SP: 0.837   ref_length: 221   comparison_length: 104   similarity: 0.163
BB11033, 1a8l_-1ewx_A.msf, SP: 0.464   ref_length: 258   comparison_length: 112   similarity: 0.098
BB11033, 1erv_-1se1_A.msf, SP: 0.535   ref_length: 243   comparison_length: 101   similarity: 0.198
BB11033, 1erv_-1jfu_A.msf, SP: 0.706   ref_length: 179   comparison_length: 102   similarity: 0.225
BB11033, 1kng_A-1se1_A.msf, SP: 0.438   ref_length: 262   comparison_length: 121   similarity: 0.116
BB11033, 1a8l_-2trc_P.msf, SP: 0.698   ref_length: 241   comparison_length: 202   similarity: 0.094
BB11033, 1j0f_A-1kng_A.msf, SP: 0.345   ref_length: 160   comparison_length: 84   similarity: 0.107
BB11033, 1grx_-1jfu_A.msf, SP: 0.337   ref_length: 178   comparison_length: 83   similarity: 0.133
BB11033, 1a8l_-1se1_A.msf, SP: 0.425   ref_length: 244   comparison_length: 221   similarity: 0.095
BB11033, 1j0f_A-2trc_P.msf, SP: 0.034   ref_length: 229   comparison_length: 88   similarity: 0.08
BB11033, 1j0f_A-1se1_A.msf, SP: 0.229   ref_length: 256   comparison_length: 83   similarity: 0.108
BB11033, 1ewx_A-1se1_A.msf, SP: 0.296   ref_length: 268   comparison_length: 115   similarity: 0.122
BB11033, 1a8l_-1j0f_A.msf, SP: 0.0   ref_length: 241   comparison_length: 85   similarity: 0.129
BB11033, 1erv_-1ewx_A.msf, SP: 0.624   ref_length: 156   comparison_length: 93   similarity: 0.226
BB11033, 1se1_A-2trc_P.msf, SP: 0.274   ref_length: 255   comparison_length: 201   similarity: 0.065
BB11033, 1ewx_A-1j0f_A.msf, SP: 0.2   ref_length: 149   comparison_length: 95   similarity: 0.074
BB11033, 1jfu_A-1thx_.msf, SP: 0.74   ref_length: 180   comparison_length: 104   similarity: 0.202
BB11034, 1fcd_A-1nhp_.msf, SP: 0.506   ref_length: 520   comparison_length: 328   similarity: 0.189
BB11034, 1gv4_A-1nhp_.msf, SP: 0.549   ref_length: 542   comparison_length: 395   similarity: 0.159
BB11034, 1mo9_A-2tmd_A.msf, SP: 0.644   ref_length: 903   comparison_length: 348   similarity: 0.126
BB11034, 2tmd_A-3grs_.msf, SP: 0.625   ref_length: 883   comparison_length: 307   similarity: 0.186
BB11034, 1bhy_-1fcd_A.msf, SP: 0.44   ref_length: 547   comparison_length: 336   similarity: 0.179
BB11034, 1d7y_A-1gv4_A.msf, SP: 0.684   ref_length: 508   comparison_length: 383   similarity: 0.201
BB11034, 1bhy_-1gv4_A.msf, SP: 0.437   ref_length: 558   comparison_length: 414   similarity: 0.157
BB11034, 1d7y_A-1fcd_A.msf, SP: 0.498   ref_length: 479   comparison_length: 323   similarity: 0.158
BB11034, 1fcd_A-1mo9_A.msf, SP: 0.475   ref_length: 586   comparison_length: 337   similarity: 0.142
BB11034, 1bhy_-1mo9_A.msf, SP: 0.703   ref_length: 549   comparison_length: 455   similarity: 0.193
BB11034, 1gv4_A-2tmd_A.msf, SP: 0.421   ref_length: 910   comparison_length: 309   similarity: 0.139
BB11034, 1gv4_A-3grs_.msf, SP: 0.483   ref_length: 541   comparison_length: 410   similarity: 0.154
BB11034, 1nhp_-2tmd_A.msf, SP: 0.551   ref_length: 880   comparison_length: 296   similarity: 0.145
BB11034, 1bhy_-1nhp_.msf, SP: 0.615   ref_length: 513   comparison_length: 416   similarity: 0.19
BB11034, 1d7y_A-3grs_.msf, SP: 0.588   ref_length: 493   comparison_length: 369   similarity: 0.179
BB11034, 1fcd_A-3grs_.msf, SP: 0.384   ref_length: 531   comparison_length: 331   similarity: 0.169
BB11034, 1mo9_A-1nhp_.msf, SP: 0.675   ref_length: 557   comparison_length: 412   similarity: 0.214
BB11034, 1mo9_A-3grs_.msf, SP: 0.747   ref_length: 545   comparison_length: 438   similarity: 0.224
BB11034, 1bhy_-1d7y_A.msf, SP: 0.476   ref_length: 515   comparison_length: 368   similarity: 0.22
BB11034, 1fcd_A-2tmd_A.msf, SP: 0.503   ref_length: 836   comparison_length: 294   similarity: 0.18
BB11034, 1gv4_A-1mo9_A.msf, SP: 0.522   ref_length: 587   comparison_length: 425   similarity: 0.155
BB11034, 1nhp_-3grs_.msf, SP: 0.676   ref_length: 507   comparison_length: 401   similarity: 0.175
BB11034, 1bhy_-2tmd_A.msf, SP: 0.558   ref_length: 903   comparison_length: 308   similarity: 0.153
BB11034, 1bhy_-3grs_.msf, SP: 0.84   ref_length: 498   comparison_length: 445   similarity: 0.283
BB11034, 1d7y_A-2tmd_A.msf, SP: 0.53   ref_length: 834   comparison_length: 296   similarity: 0.155
BB11034, 1fcd_A-1gv4_A.msf, SP: 0.382   ref_length: 519   comparison_length: 372   similarity: 0.137
BB11034, 1d7y_A-1nhp_.msf, SP: 0.779   ref_length: 463   comparison_length: 385   similarity: 0.21
BB11034, 1d7y_A-1mo9_A.msf, SP: 0.636   ref_length: 555   comparison_length: 368   similarity: 0.217
BB11035, 1b7v_A-1dvh_.msf, SP: 0.776   ref_length: 83   comparison_length: 67   similarity: 0.239
BB11035, 1fj0_A-1h31_B.msf, SP: 0.532   ref_length: 158   comparison_length: 94   similarity: 0.234
BB11035, 1b7v_A-1fj0_A.msf, SP: 0.529   ref_length: 115   comparison_length: 70   similarity: 0.257
BB11035, 1cno_A-1h31_B.msf, SP: 0.464   ref_length: 139   comparison_length: 84   similarity: 0.179
BB11035, 1cno_A-1fj0_A.msf, SP: 0.6   ref_length: 119   comparison_length: 80   similarity: 0.188
BB11035, 1cno_A-1dvh_.msf, SP: 0.949   ref_length: 86   comparison_length: 78   similarity: 0.256
BB11035, 1b7v_A-1h31_B.msf, SP: 0.746   ref_length: 138   comparison_length: 71   similarity: 0.254
BB11035, 1dvh_-1fj0_A.msf, SP: 0.558   ref_length: 116   comparison_length: 77   similarity: 0.208
BB11035, 1b7v_A-1cno_A.msf, SP: 0.552   ref_length: 89   comparison_length: 67   similarity: 0.209
BB11035, 1dvh_-1h31_B.msf, SP: 0.367   ref_length: 138   comparison_length: 79   similarity: 0.114
BB11036, 1fhu_A-2mnr_.msf, SP: 0.554   ref_length: 379   comparison_length: 276   similarity: 0.13
BB11036, 1jpd_X-1rvk_A.msf, SP: 0.628   ref_length: 399   comparison_length: 298   similarity: 0.211
BB11036, 1bqg_-1muc_A.msf, SP: 0.812   ref_length: 418   comparison_length: 341   similarity: 0.217
BB11036, 1kcz_A-1muc_A.msf, SP: 0.514   ref_length: 446   comparison_length: 327   similarity: 0.183
BB11036, 1fhu_A-1rvk_A.msf, SP: 0.526   ref_length: 405   comparison_length: 274   similarity: 0.135
BB11036, 1kcz_A-2mnr_.msf, SP: 0.536   ref_length: 449   comparison_length: 321   similarity: 0.131
BB11036, 1jpd_X-2mnr_.msf, SP: 0.649   ref_length: 377   comparison_length: 296   similarity: 0.189
BB11036, 1jpd_X-4enl_.msf, SP: 0.383   ref_length: 449   comparison_length: 303   similarity: 0.149
BB11036, 1fhu_A-1jpd_X.msf, SP: 0.645   ref_length: 352   comparison_length: 262   similarity: 0.191
BB11036, 1muc_A-2mnr_.msf, SP: 0.801   ref_length: 380   comparison_length: 337   similarity: 0.246
BB11036, 1fhu_A-4enl_.msf, SP: 0.314   ref_length: 447   comparison_length: 287   similarity: 0.136
BB11036, 1jpd_X-1muc_A.msf, SP: 0.68   ref_length: 370   comparison_length: 306   similarity: 0.225
BB11036, 2mnr_-4enl_.msf, SP: 0.575   ref_length: 466   comparison_length: 327   similarity: 0.168
BB11036, 1bqg_-2mnr_.msf, SP: 0.789   ref_length: 415   comparison_length: 341   similarity: 0.167
BB11036, 1fhu_A-1muc_A.msf, SP: 0.632   ref_length: 381   comparison_length: 277   similarity: 0.191
BB11036, 1bqg_-1fhu_A.msf, SP: 0.516   ref_length: 424   comparison_length: 273   similarity: 0.179
BB11036, 1kcz_A-1rvk_A.msf, SP: 0.501   ref_length: 457   comparison_length: 337   similarity: 0.145
BB11036, 1bqg_-1rvk_A.msf, SP: 0.789   ref_length: 434   comparison_length: 346   similarity: 0.199
BB11036, 1muc_A-4enl_.msf, SP: 0.591   ref_length: 459   comparison_length: 337   similarity: 0.151
BB11036, 1rvk_A-4enl_.msf, SP: 0.621   ref_length: 477   comparison_length: 340   similarity: 0.156
BB11036, 1rvk_A-2mnr_.msf, SP: 0.849   ref_length: 400   comparison_length: 338   similarity: 0.222
BB11036, 1bqg_-1jpd_X.msf, SP: 0.525   ref_length: 416   comparison_length: 299   similarity: 0.167
BB11036, 1bqg_-4enl_.msf, SP: 0.591   ref_length: 478   comparison_length: 357   similarity: 0.118
BB11036, 1muc_A-1rvk_A.msf, SP: 0.81   ref_length: 399   comparison_length: 342   similarity: 0.222
BB11036, 1jpd_X-1kcz_A.msf, SP: 0.515   ref_length: 422   comparison_length: 307   similarity: 0.163
BB11036, 1bqg_-1kcz_A.msf, SP: 0.53   ref_length: 480   comparison_length: 332   similarity: 0.123
BB11036, 1kcz_A-4enl_.msf, SP: 0.6   ref_length: 499   comparison_length: 350   similarity: 0.157
BB11036, 1fhu_A-1kcz_A.msf, SP: 0.407   ref_length: 431   comparison_length: 280   similarity: 0.125
BB11037, cat8_yeast-put3_yeast.msf, SP: 0.7   ref_length: 399   comparison_length: 350   similarity: 0.163
BB11037, YB00_YEAST-yhx8_yeast.msf, SP: 0.552   ref_length: 1219   comparison_length: 308   similarity: 0.149
BB11037, YB00_YEAST-cat8_yeast.msf, SP: 0.59   ref_length: 1248   comparison_length: 339   similarity: 0.212
BB11037, YB00_YEAST-s50366.msf, SP: 0.436   ref_length: 1221   comparison_length: 312   similarity: 0.115
BB11037, put3_yeast-yhx8_yeast.msf, SP: 0.637   ref_length: 375   comparison_length: 314   similarity: 0.159
BB11037, cat8_yeast-s50366.msf, SP: 0.581   ref_length: 407   comparison_length: 329   similarity: 0.128
BB11037, YB00_YEAST-put3_yeast.msf, SP: 0.61   ref_length: 1228   comparison_length: 318   similarity: 0.148
BB11037, put3_yeast-s50366.msf, SP: 0.542   ref_length: 374   comparison_length: 321   similarity: 0.162
BB11037, s50366-yhx8_yeast.msf, SP: 0.582   ref_length: 384   comparison_length: 292   similarity: 0.147
BB11037, cat8_yeast-yhx8_yeast.msf, SP: 0.661   ref_length: 397   comparison_length: 333   similarity: 0.132
BB11038, 1a9u_-1omw_A.msf, SP: 0.65   ref_length: 651   comparison_length: 314   similarity: 0.197
BB11038, 1how_A-1omw_A.msf, SP: 0.611   ref_length: 662   comparison_length: 296   similarity: 0.189
BB11038, 1ad5_A-1csn_.msf, SP: 0.815   ref_length: 477   comparison_length: 254   similarity: 0.161
BB11038, 1a9u_-1b6c_B.msf, SP: 0.742   ref_length: 406   comparison_length: 271   similarity: 0.192
BB11038, 1how_A-1mq4_A.msf, SP: 0.708   ref_length: 348   comparison_length: 257   similarity: 0.222
BB11038, 1b6c_B-1omw_A.msf, SP: 0.64   ref_length: 662   comparison_length: 278   similarity: 0.223
BB11038, 1b6c_B-1mq4_A.msf, SP: 0.748   ref_length: 341   comparison_length: 246   similarity: 0.207
BB11038, 1f3m_C-1how_A.msf, SP: 0.643   ref_length: 368   comparison_length: 263   similarity: 0.194
BB11038, 1a9u_-1how_A.msf, SP: 0.676   ref_length: 377   comparison_length: 318   similarity: 0.258
BB11038, 1ad5_A-1mq4_A.msf, SP: 0.863   ref_length: 451   comparison_length: 248   similarity: 0.214
BB11038, 1ad5_A-1f3m_C.msf, SP: 0.753   ref_length: 466   comparison_length: 259   similarity: 0.201
BB11038, 1csn_-1mq4_A.msf, SP: 0.849   ref_length: 302   comparison_length: 252   similarity: 0.214
BB11038, 1f3m_C-1mq4_A.msf, SP: 0.802   ref_length: 306   comparison_length: 242   similarity: 0.256
BB11038, 1a9u_-1mq4_A.msf, SP: 0.79   ref_length: 355   comparison_length: 257   similarity: 0.257
BB11038, 1ad5_A-1omw_A.msf, SP: 0.499   ref_length: 641   comparison_length: 411   similarity: 0.124
BB11038, 1a9u_-1csn_.msf, SP: 0.695   ref_length: 372   comparison_length: 272   similarity: 0.165
BB11038, 1b6c_B-1csn_.msf, SP: 0.633   ref_length: 355   comparison_length: 264   similarity: 0.174
BB11038, 1f3m_C-1omw_A.msf, SP: 0.727   ref_length: 626   comparison_length: 275   similarity: 0.233
BB11038, 1b6c_B-1how_A.msf, SP: 0.701   ref_length: 396   comparison_length: 274   similarity: 0.186
BB11038, 1a9u_-1ad5_A.msf, SP: 0.723   ref_length: 522   comparison_length: 267   similarity: 0.225
BB11038, 1csn_-1omw_A.msf, SP: 0.708   ref_length: 636   comparison_length: 271   similarity: 0.185
BB11038, 1b6c_B-1f3m_C.msf, SP: 0.548   ref_length: 354   comparison_length: 259   similarity: 0.205
BB11038, 1ad5_A-1b6c_B.msf, SP: 0.792   ref_length: 500   comparison_length: 264   similarity: 0.231
BB11038, 1a9u_-1f3m_C.msf, SP: 0.72   ref_length: 374   comparison_length: 264   similarity: 0.235
BB11038, 1ad5_A-1how_A.msf, SP: 0.769   ref_length: 514   comparison_length: 268   similarity: 0.209
BB11038, 1csn_-1how_A.msf, SP: 0.732   ref_length: 357   comparison_length: 280   similarity: 0.164
BB11038, 1csn_-1f3m_C.msf, SP: 0.743   ref_length: 323   comparison_length: 257   similarity: 0.167
BB11038, 1mq4_A-1omw_A.msf, SP: 0.858   ref_length: 615   comparison_length: 260   similarity: 0.254
